running develop
running egg_info
creating limo_controller.egg-info
writing limo_controller.egg-info/PKG-INFO
writing dependency_links to limo_controller.egg-info/dependency_links.txt
writing entry points to limo_controller.egg-info/entry_points.txt
writing requirements to limo_controller.egg-info/requires.txt
writing top-level names to limo_controller.egg-info/top_level.txt
writing manifest file 'limo_controller.egg-info/SOURCES.txt'
reading manifest file 'limo_controller.egg-info/SOURCES.txt'
writing manifest file 'limo_controller.egg-info/SOURCES.txt'
running build_ext
Creating /home/flynn/darkhorse/install/limo_controller/lib/python3.10/site-packages/limo-controller.egg-link (link to .)
Installing speed_ctrl script to /home/flynn/darkhorse/install/limo_controller/lib/limo_controller

Installed /home/flynn/darkhorse/build/limo_controller
running symlink_data
creating /home/flynn/darkhorse/install/limo_controller/share/ament_index
creating /home/flynn/darkhorse/install/limo_controller/share/ament_index/resource_index
creating /home/flynn/darkhorse/install/limo_controller/share/ament_index/resource_index/packages
symbolically linking /home/flynn/darkhorse/build/limo_controller/resource/limo_controller -> /home/flynn/darkhorse/install/limo_controller/share/ament_index/resource_index/packages
symbolically linking /home/flynn/darkhorse/build/limo_controller/package.xml -> /home/flynn/darkhorse/install/limo_controller/share/limo_controller
