[1.702s] Invoking command in '/home/flynn/darkhorse/build/limo_controller': PYTHONPATH=/home/flynn/darkhorse/build/limo_controller/prefix_override:/usr/lib/python3/dist-packages/colcon_core/task/python/colcon_distutils_commands:/home/flynn/darkhorse/install/limo_controller/lib/python3.10/site-packages:${PYTHONPATH} /usr/bin/python3 -W ignore:setup.py install is deprecated -W ignore:easy_install command is deprecated setup.py develop --editable --build-directory /home/flynn/darkhorse/build/limo_controller/build --no-deps symlink_data
[1.907s] running develop
[2.029s] running egg_info
[2.029s] creating limo_controller.egg-info
[2.043s] writing limo_controller.egg-info/PKG-INFO
[2.044s] writing dependency_links to limo_controller.egg-info/dependency_links.txt
[2.044s] writing entry points to limo_controller.egg-info/entry_points.txt
[2.044s] writing requirements to limo_controller.egg-info/requires.txt
[2.044s] writing top-level names to limo_controller.egg-info/top_level.txt
[2.044s] writing manifest file 'limo_controller.egg-info/SOURCES.txt'
[2.044s] reading manifest file 'limo_controller.egg-info/SOURCES.txt'
[2.046s] writing manifest file 'limo_controller.egg-info/SOURCES.txt'
[2.047s] running build_ext
[2.047s] Creating /home/flynn/darkhorse/install/limo_controller/lib/python3.10/site-packages/limo-controller.egg-link (link to .)
[2.050s] Installing speed_ctrl script to /home/flynn/darkhorse/install/limo_controller/lib/limo_controller
[2.051s] 
[2.051s] Installed /home/flynn/darkhorse/build/limo_controller
[2.051s] running symlink_data
[2.052s] creating /home/flynn/darkhorse/install/limo_controller/share/ament_index
[2.052s] creating /home/flynn/darkhorse/install/limo_controller/share/ament_index/resource_index
[2.052s] creating /home/flynn/darkhorse/install/limo_controller/share/ament_index/resource_index/packages
[2.052s] symbolically linking /home/flynn/darkhorse/build/limo_controller/resource/limo_controller -> /home/flynn/darkhorse/install/limo_controller/share/ament_index/resource_index/packages
[2.052s] symbolically linking /home/flynn/darkhorse/build/limo_controller/package.xml -> /home/flynn/darkhorse/install/limo_controller/share/limo_controller
[2.108s] Invoked command in '/home/flynn/darkhorse/build/limo_controller' returned '0': PYTHONPATH=/home/flynn/darkhorse/build/limo_controller/prefix_override:/usr/lib/python3/dist-packages/colcon_core/task/python/colcon_distutils_commands:/home/flynn/darkhorse/install/limo_controller/lib/python3.10/site-packages:${PYTHONPATH} /usr/bin/python3 -W ignore:setup.py install is deprecated -W ignore:easy_install command is deprecated setup.py develop --editable --build-directory /home/flynn/darkhorse/build/limo_controller/build --no-deps symlink_data
