running develop
running egg_info
creating hospital_bt_nav.egg-info
writing hospital_bt_nav.egg-info/PKG-INFO
writing dependency_links to hospital_bt_nav.egg-info/dependency_links.txt
writing entry points to hospital_bt_nav.egg-info/entry_points.txt
writing requirements to hospital_bt_nav.egg-info/requires.txt
writing top-level names to hospital_bt_nav.egg-info/top_level.txt
writing manifest file 'hospital_bt_nav.egg-info/SOURCES.txt'
reading manifest file 'hospital_bt_nav.egg-info/SOURCES.txt'
writing manifest file 'hospital_bt_nav.egg-info/SOURCES.txt'
running build_ext
Creating /home/flynn/darkhorse/install/hospital_bt_nav/lib/python3.10/site-packages/hospital-bt-nav.egg-link (link to .)
Installing bt_run script to /home/flynn/darkhorse/install/hospital_bt_nav/lib/hospital_bt_nav

Installed /home/flynn/darkhorse/build/hospital_bt_nav
running symlink_data
creating /home/flynn/darkhorse/install/hospital_bt_nav/share/ament_index
creating /home/flynn/darkhorse/install/hospital_bt_nav/share/ament_index/resource_index
creating /home/flynn/darkhorse/install/hospital_bt_nav/share/ament_index/resource_index/packages
symbolically linking /home/flynn/darkhorse/build/hospital_bt_nav/resource/hospital_bt_nav -> /home/flynn/darkhorse/install/hospital_bt_nav/share/ament_index/resource_index/packages
symbolically linking /home/flynn/darkhorse/build/hospital_bt_nav/package.xml -> /home/flynn/darkhorse/install/hospital_bt_nav/share/hospital_bt_nav
