[1.710s] Invoking command in '/home/flynn/darkhorse/build/hospital_bt_nav': PYTHONPATH=/home/flynn/darkhorse/build/hospital_bt_nav/prefix_override:/usr/lib/python3/dist-packages/colcon_core/task/python/colcon_distutils_commands:/home/flynn/darkhorse/install/hospital_bt_nav/lib/python3.10/site-packages:${PYTHONPATH} /usr/bin/python3 -W ignore:setup.py install is deprecated -W ignore:easy_install command is deprecated setup.py develop --editable --build-directory /home/flynn/darkhorse/build/hospital_bt_nav/build --no-deps symlink_data
[1.919s] running develop
[2.039s] running egg_info
[2.039s] creating hospital_bt_nav.egg-info
[2.040s] writing hospital_bt_nav.egg-info/PKG-INFO
[2.040s] writing dependency_links to hospital_bt_nav.egg-info/dependency_links.txt
[2.049s] writing entry points to hospital_bt_nav.egg-info/entry_points.txt
[2.049s] writing requirements to hospital_bt_nav.egg-info/requires.txt
[2.051s] writing top-level names to hospital_bt_nav.egg-info/top_level.txt
[2.055s] writing manifest file 'hospital_bt_nav.egg-info/SOURCES.txt'
[2.055s] reading manifest file 'hospital_bt_nav.egg-info/SOURCES.txt'
[2.057s] writing manifest file 'hospital_bt_nav.egg-info/SOURCES.txt'
[2.058s] running build_ext
[2.059s] Creating /home/flynn/darkhorse/install/hospital_bt_nav/lib/python3.10/site-packages/hospital-bt-nav.egg-link (link to .)
[2.062s] Installing bt_run script to /home/flynn/darkhorse/install/hospital_bt_nav/lib/hospital_bt_nav
[2.062s] 
[2.062s] Installed /home/flynn/darkhorse/build/hospital_bt_nav
[2.062s] running symlink_data
[2.063s] creating /home/flynn/darkhorse/install/hospital_bt_nav/share/ament_index
[2.063s] creating /home/flynn/darkhorse/install/hospital_bt_nav/share/ament_index/resource_index
[2.063s] creating /home/flynn/darkhorse/install/hospital_bt_nav/share/ament_index/resource_index/packages
[2.063s] symbolically linking /home/flynn/darkhorse/build/hospital_bt_nav/resource/hospital_bt_nav -> /home/flynn/darkhorse/install/hospital_bt_nav/share/ament_index/resource_index/packages
[2.063s] symbolically linking /home/flynn/darkhorse/build/hospital_bt_nav/package.xml -> /home/flynn/darkhorse/install/hospital_bt_nav/share/hospital_bt_nav
[2.115s] Invoked command in '/home/flynn/darkhorse/build/hospital_bt_nav' returned '0': PYTHONPATH=/home/flynn/darkhorse/build/hospital_bt_nav/prefix_override:/usr/lib/python3/dist-packages/colcon_core/task/python/colcon_distutils_commands:/home/flynn/darkhorse/install/hospital_bt_nav/lib/python3.10/site-packages:${PYTHONPATH} /usr/bin/python3 -W ignore:setup.py install is deprecated -W ignore:easy_install command is deprecated setup.py develop --editable --build-directory /home/flynn/darkhorse/build/hospital_bt_nav/build --no-deps symlink_data
