running develop
running egg_info
creating url_launcher.egg-info
writing url_launcher.egg-info/PKG-INFO
writing dependency_links to url_launcher.egg-info/dependency_links.txt
writing entry points to url_launcher.egg-info/entry_points.txt
writing requirements to url_launcher.egg-info/requires.txt
writing top-level names to url_launcher.egg-info/top_level.txt
writing manifest file 'url_launcher.egg-info/SOURCES.txt'
reading manifest file 'url_launcher.egg-info/SOURCES.txt'
writing manifest file 'url_launcher.egg-info/SOURCES.txt'
running build_ext
Creating /home/flynn/darkhorse/install/url_launcher/lib/python3.10/site-packages/url-launcher.egg-link (link to .)
Installing url_launcher_node script to /home/flynn/darkhorse/install/url_launcher/lib/url_launcher

Installed /home/flynn/darkhorse/build/url_launcher
running symlink_data
creating /home/flynn/darkhorse/install/url_launcher/share/ament_index
creating /home/flynn/darkhorse/install/url_launcher/share/ament_index/resource_index
creating /home/flynn/darkhorse/install/url_launcher/share/ament_index/resource_index/packages
symbolically linking /home/flynn/darkhorse/build/url_launcher/resource/url_launcher -> /home/flynn/darkhorse/install/url_launcher/share/ament_index/resource_index/packages
symbolically linking /home/flynn/darkhorse/build/url_launcher/package.xml -> /home/flynn/darkhorse/install/url_launcher/share/url_launcher
creating /home/flynn/darkhorse/install/url_launcher/share/url_launcher/launch
symbolically linking /home/flynn/darkhorse/build/url_launcher/launch/qr_launch.launch.py -> /home/flynn/darkhorse/install/url_launcher/share/url_launcher/launch
