[1.683s] Invoking command in '/home/flynn/darkhorse/build/url_launcher': PYTHONPATH=/home/flynn/darkhorse/build/url_launcher/prefix_override:/usr/lib/python3/dist-packages/colcon_core/task/python/colcon_distutils_commands:/home/flynn/darkhorse/install/url_launcher/lib/python3.10/site-packages:${PYTHONPATH} /usr/bin/python3 -W ignore:setup.py install is deprecated -W ignore:easy_install command is deprecated setup.py develop --editable --build-directory /home/flynn/darkhorse/build/url_launcher/build --no-deps symlink_data
[1.894s] running develop
[2.018s] running egg_info
[2.018s] creating url_launcher.egg-info
[2.031s] writing url_launcher.egg-info/PKG-INFO
[2.031s] writing dependency_links to url_launcher.egg-info/dependency_links.txt
[2.031s] writing entry points to url_launcher.egg-info/entry_points.txt
[2.031s] writing requirements to url_launcher.egg-info/requires.txt
[2.031s] writing top-level names to url_launcher.egg-info/top_level.txt
[2.032s] writing manifest file 'url_launcher.egg-info/SOURCES.txt'
[2.032s] reading manifest file 'url_launcher.egg-info/SOURCES.txt'
[2.034s] writing manifest file 'url_launcher.egg-info/SOURCES.txt'
[2.036s] running build_ext
[2.036s] Creating /home/flynn/darkhorse/install/url_launcher/lib/python3.10/site-packages/url-launcher.egg-link (link to .)
[2.040s] Installing url_launcher_node script to /home/flynn/darkhorse/install/url_launcher/lib/url_launcher
[2.040s] 
[2.041s] Installed /home/flynn/darkhorse/build/url_launcher
[2.041s] running symlink_data
[2.041s] creating /home/flynn/darkhorse/install/url_launcher/share/ament_index
[2.041s] creating /home/flynn/darkhorse/install/url_launcher/share/ament_index/resource_index
[2.041s] creating /home/flynn/darkhorse/install/url_launcher/share/ament_index/resource_index/packages
[2.041s] symbolically linking /home/flynn/darkhorse/build/url_launcher/resource/url_launcher -> /home/flynn/darkhorse/install/url_launcher/share/ament_index/resource_index/packages
[2.041s] symbolically linking /home/flynn/darkhorse/build/url_launcher/package.xml -> /home/flynn/darkhorse/install/url_launcher/share/url_launcher
[2.042s] creating /home/flynn/darkhorse/install/url_launcher/share/url_launcher/launch
[2.042s] symbolically linking /home/flynn/darkhorse/build/url_launcher/launch/qr_launch.launch.py -> /home/flynn/darkhorse/install/url_launcher/share/url_launcher/launch
[2.083s] Invoked command in '/home/flynn/darkhorse/build/url_launcher' returned '0': PYTHONPATH=/home/flynn/darkhorse/build/url_launcher/prefix_override:/usr/lib/python3/dist-packages/colcon_core/task/python/colcon_distutils_commands:/home/flynn/darkhorse/install/url_launcher/lib/python3.10/site-packages:${PYTHONPATH} /usr/bin/python3 -W ignore:setup.py install is deprecated -W ignore:easy_install command is deprecated setup.py develop --editable --build-directory /home/flynn/darkhorse/build/url_launcher/build --no-deps symlink_data
