[0.095s] DEBUG:colcon:Command line arguments: ['/usr/bin/colcon', 'build', '--symlink-install']
[0.095s] DEBUG:colcon:Parsed command line arguments: Namespace(log_base=None, log_level=None, verb_name='build', build_base='build', install_base='install', merge_install=False, symlink_install=True, test_result_base=None, continue_on_error=False, executor='parallel', parallel_workers=24, event_handlers=None, ignore_user_meta=False, metas=['./colcon.meta'], base_paths=['.'], packages_ignore=None, packages_ignore_regex=None, paths=None, packages_up_to=None, packages_up_to_regex=None, packages_above=None, packages_above_and_dependencies=None, packages_above_depth=None, packages_select_by_dep=None, packages_skip_by_dep=None, packages_skip_up_to=None, packages_select_build_failed=False, packages_skip_build_finished=False, packages_select_test_failures=False, packages_skip_test_passed=False, packages_select=None, packages_skip=None, packages_select_regex=None, packages_skip_regex=None, packages_start=None, packages_end=None, allow_overriding=[], cmake_args=None, cmake_target=None, cmake_target_skip_unavailable=False, cmake_clean_cache=False, cmake_clean_first=False, cmake_force_configure=False, ament_cmake_args=None, catkin_cmake_args=None, catkin_skip_building_tests=False, mixin_files=None, mixin=None, verb_parser=<colcon_mixin.mixin.mixin_argument.MixinArgumentDecorator object at 0x7031a5f5e4a0>, verb_extension=<colcon_core.verb.build.BuildVerb object at 0x7031a6073490>, main=<bound method BuildVerb.main of <colcon_core.verb.build.BuildVerb object at 0x7031a6073490>>, mixin_verb=('build',))
[0.240s] Level 1:colcon.colcon_core.package_discovery:discover_packages(colcon_meta) check parameters
[0.240s] Level 1:colcon.colcon_core.package_discovery:discover_packages(recursive) check parameters
[0.240s] Level 1:colcon.colcon_core.package_discovery:discover_packages(ignore) check parameters
[0.240s] Level 1:colcon.colcon_core.package_discovery:discover_packages(path) check parameters
[0.240s] Level 1:colcon.colcon_core.package_discovery:discover_packages(colcon_meta) discover
[0.240s] Level 1:colcon.colcon_core.package_discovery:discover_packages(recursive) discover
[0.240s] INFO:colcon.colcon_core.package_discovery:Crawling recursively for packages in '/home/flynn/darkhorse'
[0.240s] Level 1:colcon.colcon_core.package_identification:_identify(.) by extensions ['ignore', 'ignore_ament_install']
[0.240s] Level 1:colcon.colcon_core.package_identification:_identify(.) by extension 'ignore'
[0.240s] Level 1:colcon.colcon_core.package_identification:_identify(.) by extension 'ignore_ament_install'
[0.240s] Level 1:colcon.colcon_core.package_identification:_identify(.) by extensions ['colcon_pkg']
[0.240s] Level 1:colcon.colcon_core.package_identification:_identify(.) by extension 'colcon_pkg'
[0.240s] Level 1:colcon.colcon_core.package_identification:_identify(.) by extensions ['colcon_meta']
[0.240s] Level 1:colcon.colcon_core.package_identification:_identify(.) by extension 'colcon_meta'
[0.240s] Level 1:colcon.colcon_core.package_identification:_identify(.) by extensions ['ros']
[0.240s] Level 1:colcon.colcon_core.package_identification:_identify(.) by extension 'ros'
[0.248s] Level 1:colcon.colcon_core.package_identification:_identify(.) by extensions ['cmake', 'python']
[0.248s] Level 1:colcon.colcon_core.package_identification:_identify(.) by extension 'cmake'
[0.248s] Level 1:colcon.colcon_core.package_identification:_identify(.) by extension 'python'
[0.248s] Level 1:colcon.colcon_core.package_identification:_identify(.) by extensions ['python_setup_py']
[0.248s] Level 1:colcon.colcon_core.package_identification:_identify(.) by extension 'python_setup_py'
[0.248s] Level 1:colcon.colcon_core.package_identification:_identify(build) by extensions ['ignore', 'ignore_ament_install']
[0.248s] Level 1:colcon.colcon_core.package_identification:_identify(build) by extension 'ignore'
[0.248s] Level 1:colcon.colcon_core.package_identification:_identify(build) ignored
[0.248s] Level 1:colcon.colcon_core.package_identification:_identify(install) by extensions ['ignore', 'ignore_ament_install']
[0.248s] Level 1:colcon.colcon_core.package_identification:_identify(install) by extension 'ignore'
[0.248s] Level 1:colcon.colcon_core.package_identification:_identify(install) ignored
[0.248s] Level 1:colcon.colcon_core.package_identification:_identify(log) by extensions ['ignore', 'ignore_ament_install']
[0.248s] Level 1:colcon.colcon_core.package_identification:_identify(log) by extension 'ignore'
[0.249s] Level 1:colcon.colcon_core.package_identification:_identify(log) ignored
[0.249s] Level 1:colcon.colcon_core.package_identification:_identify(src) by extensions ['ignore', 'ignore_ament_install']
[0.249s] Level 1:colcon.colcon_core.package_identification:_identify(src) by extension 'ignore'
[0.249s] Level 1:colcon.colcon_core.package_identification:_identify(src) by extension 'ignore_ament_install'
[0.249s] Level 1:colcon.colcon_core.package_identification:_identify(src) by extensions ['colcon_pkg']
[0.249s] Level 1:colcon.colcon_core.package_identification:_identify(src) by extension 'colcon_pkg'
[0.249s] Level 1:colcon.colcon_core.package_identification:_identify(src) by extensions ['colcon_meta']
[0.249s] Level 1:colcon.colcon_core.package_identification:_identify(src) by extension 'colcon_meta'
[0.249s] Level 1:colcon.colcon_core.package_identification:_identify(src) by extensions ['ros']
[0.249s] Level 1:colcon.colcon_core.package_identification:_identify(src) by extension 'ros'
[0.249s] Level 1:colcon.colcon_core.package_identification:_identify(src) by extensions ['cmake', 'python']
[0.249s] Level 1:colcon.colcon_core.package_identification:_identify(src) by extension 'cmake'
[0.249s] Level 1:colcon.colcon_core.package_identification:_identify(src) by extension 'python'
[0.249s] Level 1:colcon.colcon_core.package_identification:_identify(src) by extensions ['python_setup_py']
[0.249s] Level 1:colcon.colcon_core.package_identification:_identify(src) by extension 'python_setup_py'
[0.249s] Level 1:colcon.colcon_core.package_identification:_identify(src/robot_final) by extensions ['ignore', 'ignore_ament_install']
[0.249s] Level 1:colcon.colcon_core.package_identification:_identify(src/robot_final) by extension 'ignore'
[0.249s] Level 1:colcon.colcon_core.package_identification:_identify(src/robot_final) by extension 'ignore_ament_install'
[0.249s] Level 1:colcon.colcon_core.package_identification:_identify(src/robot_final) by extensions ['colcon_pkg']
[0.249s] Level 1:colcon.colcon_core.package_identification:_identify(src/robot_final) by extension 'colcon_pkg'
[0.249s] Level 1:colcon.colcon_core.package_identification:_identify(src/robot_final) by extensions ['colcon_meta']
[0.249s] Level 1:colcon.colcon_core.package_identification:_identify(src/robot_final) by extension 'colcon_meta'
[0.249s] Level 1:colcon.colcon_core.package_identification:_identify(src/robot_final) by extensions ['ros']
[0.249s] Level 1:colcon.colcon_core.package_identification:_identify(src/robot_final) by extension 'ros'
[0.249s] Level 1:colcon.colcon_core.package_identification:_identify(src/robot_final) by extensions ['cmake', 'python']
[0.249s] Level 1:colcon.colcon_core.package_identification:_identify(src/robot_final) by extension 'cmake'
[0.249s] Level 1:colcon.colcon_core.package_identification:_identify(src/robot_final) by extension 'python'
[0.249s] Level 1:colcon.colcon_core.package_identification:_identify(src/robot_final) by extensions ['python_setup_py']
[0.249s] Level 1:colcon.colcon_core.package_identification:_identify(src/robot_final) by extension 'python_setup_py'
[0.249s] Level 1:colcon.colcon_core.package_identification:_identify(src/robot_final/build) by extensions ['ignore', 'ignore_ament_install']
[0.249s] Level 1:colcon.colcon_core.package_identification:_identify(src/robot_final/build) by extension 'ignore'
[0.249s] Level 1:colcon.colcon_core.package_identification:_identify(src/robot_final/build) ignored
[0.249s] Level 1:colcon.colcon_core.package_identification:_identify(src/robot_final/install) by extensions ['ignore', 'ignore_ament_install']
[0.249s] Level 1:colcon.colcon_core.package_identification:_identify(src/robot_final/install) by extension 'ignore'
[0.249s] Level 1:colcon.colcon_core.package_identification:_identify(src/robot_final/install) ignored
[0.250s] Level 1:colcon.colcon_core.package_identification:_identify(src/robot_final/log) by extensions ['ignore', 'ignore_ament_install']
[0.250s] Level 1:colcon.colcon_core.package_identification:_identify(src/robot_final/log) by extension 'ignore'
[0.250s] Level 1:colcon.colcon_core.package_identification:_identify(src/robot_final/log) ignored
[0.250s] Level 1:colcon.colcon_core.package_identification:_identify(src/robot_final/src) by extensions ['ignore', 'ignore_ament_install']
[0.250s] Level 1:colcon.colcon_core.package_identification:_identify(src/robot_final/src) by extension 'ignore'
[0.250s] Level 1:colcon.colcon_core.package_identification:_identify(src/robot_final/src) by extension 'ignore_ament_install'
[0.250s] Level 1:colcon.colcon_core.package_identification:_identify(src/robot_final/src) by extensions ['colcon_pkg']
[0.250s] Level 1:colcon.colcon_core.package_identification:_identify(src/robot_final/src) by extension 'colcon_pkg'
[0.250s] Level 1:colcon.colcon_core.package_identification:_identify(src/robot_final/src) by extensions ['colcon_meta']
[0.250s] Level 1:colcon.colcon_core.package_identification:_identify(src/robot_final/src) by extension 'colcon_meta'
[0.250s] Level 1:colcon.colcon_core.package_identification:_identify(src/robot_final/src) by extensions ['ros']
[0.250s] Level 1:colcon.colcon_core.package_identification:_identify(src/robot_final/src) by extension 'ros'
[0.250s] Level 1:colcon.colcon_core.package_identification:_identify(src/robot_final/src) by extensions ['cmake', 'python']
[0.250s] Level 1:colcon.colcon_core.package_identification:_identify(src/robot_final/src) by extension 'cmake'
[0.250s] Level 1:colcon.colcon_core.package_identification:_identify(src/robot_final/src) by extension 'python'
[0.250s] Level 1:colcon.colcon_core.package_identification:_identify(src/robot_final/src) by extensions ['python_setup_py']
[0.250s] Level 1:colcon.colcon_core.package_identification:_identify(src/robot_final/src) by extension 'python_setup_py'
[0.250s] Level 1:colcon.colcon_core.package_identification:_identify(src/robot_final/src/hospital_bt_nav) by extensions ['ignore', 'ignore_ament_install']
[0.250s] Level 1:colcon.colcon_core.package_identification:_identify(src/robot_final/src/hospital_bt_nav) by extension 'ignore'
[0.250s] Level 1:colcon.colcon_core.package_identification:_identify(src/robot_final/src/hospital_bt_nav) by extension 'ignore_ament_install'
[0.250s] Level 1:colcon.colcon_core.package_identification:_identify(src/robot_final/src/hospital_bt_nav) by extensions ['colcon_pkg']
[0.250s] Level 1:colcon.colcon_core.package_identification:_identify(src/robot_final/src/hospital_bt_nav) by extension 'colcon_pkg'
[0.250s] Level 1:colcon.colcon_core.package_identification:_identify(src/robot_final/src/hospital_bt_nav) by extensions ['colcon_meta']
[0.250s] Level 1:colcon.colcon_core.package_identification:_identify(src/robot_final/src/hospital_bt_nav) by extension 'colcon_meta'
[0.250s] Level 1:colcon.colcon_core.package_identification:_identify(src/robot_final/src/hospital_bt_nav) by extensions ['ros']
[0.250s] Level 1:colcon.colcon_core.package_identification:_identify(src/robot_final/src/hospital_bt_nav) by extension 'ros'
[0.252s] DEBUG:colcon.colcon_core.package_identification:Package 'src/robot_final/src/hospital_bt_nav' with type 'ros.ament_python' and name 'hospital_bt_nav'
[0.253s] Level 1:colcon.colcon_core.package_identification:_identify(src/robot_final/src/hospital_service) by extensions ['ignore', 'ignore_ament_install']
[0.253s] Level 1:colcon.colcon_core.package_identification:_identify(src/robot_final/src/hospital_service) by extension 'ignore'
[0.253s] Level 1:colcon.colcon_core.package_identification:_identify(src/robot_final/src/hospital_service) by extension 'ignore_ament_install'
[0.253s] Level 1:colcon.colcon_core.package_identification:_identify(src/robot_final/src/hospital_service) by extensions ['colcon_pkg']
[0.253s] Level 1:colcon.colcon_core.package_identification:_identify(src/robot_final/src/hospital_service) by extension 'colcon_pkg'
[0.253s] Level 1:colcon.colcon_core.package_identification:_identify(src/robot_final/src/hospital_service) by extensions ['colcon_meta']
[0.253s] Level 1:colcon.colcon_core.package_identification:_identify(src/robot_final/src/hospital_service) by extension 'colcon_meta'
[0.253s] Level 1:colcon.colcon_core.package_identification:_identify(src/robot_final/src/hospital_service) by extensions ['ros']
[0.253s] Level 1:colcon.colcon_core.package_identification:_identify(src/robot_final/src/hospital_service) by extension 'ros'
[0.253s] DEBUG:colcon.colcon_core.package_identification:Package 'src/robot_final/src/hospital_service' with type 'ros.ament_python' and name 'hospital_service'
[0.253s] Level 1:colcon.colcon_core.package_identification:_identify(src/robot_final/src/keyboard_controller) by extensions ['ignore', 'ignore_ament_install']
[0.253s] Level 1:colcon.colcon_core.package_identification:_identify(src/robot_final/src/keyboard_controller) by extension 'ignore'
[0.253s] Level 1:colcon.colcon_core.package_identification:_identify(src/robot_final/src/keyboard_controller) by extension 'ignore_ament_install'
[0.253s] Level 1:colcon.colcon_core.package_identification:_identify(src/robot_final/src/keyboard_controller) by extensions ['colcon_pkg']
[0.253s] Level 1:colcon.colcon_core.package_identification:_identify(src/robot_final/src/keyboard_controller) by extension 'colcon_pkg'
[0.253s] Level 1:colcon.colcon_core.package_identification:_identify(src/robot_final/src/keyboard_controller) by extensions ['colcon_meta']
[0.253s] Level 1:colcon.colcon_core.package_identification:_identify(src/robot_final/src/keyboard_controller) by extension 'colcon_meta'
[0.253s] Level 1:colcon.colcon_core.package_identification:_identify(src/robot_final/src/keyboard_controller) by extensions ['ros']
[0.254s] Level 1:colcon.colcon_core.package_identification:_identify(src/robot_final/src/keyboard_controller) by extension 'ros'
[0.254s] DEBUG:colcon.colcon_core.package_identification:Package 'src/robot_final/src/keyboard_controller' with type 'ros.ament_python' and name 'keyboard_controller'
[0.254s] Level 1:colcon.colcon_core.package_identification:_identify(src/robot_final/src/limo_controller) by extensions ['ignore', 'ignore_ament_install']
[0.254s] Level 1:colcon.colcon_core.package_identification:_identify(src/robot_final/src/limo_controller) by extension 'ignore'
[0.254s] Level 1:colcon.colcon_core.package_identification:_identify(src/robot_final/src/limo_controller) by extension 'ignore_ament_install'
[0.254s] Level 1:colcon.colcon_core.package_identification:_identify(src/robot_final/src/limo_controller) by extensions ['colcon_pkg']
[0.254s] Level 1:colcon.colcon_core.package_identification:_identify(src/robot_final/src/limo_controller) by extension 'colcon_pkg'
[0.254s] Level 1:colcon.colcon_core.package_identification:_identify(src/robot_final/src/limo_controller) by extensions ['colcon_meta']
[0.254s] Level 1:colcon.colcon_core.package_identification:_identify(src/robot_final/src/limo_controller) by extension 'colcon_meta'
[0.254s] Level 1:colcon.colcon_core.package_identification:_identify(src/robot_final/src/limo_controller) by extensions ['ros']
[0.254s] Level 1:colcon.colcon_core.package_identification:_identify(src/robot_final/src/limo_controller) by extension 'ros'
[0.255s] DEBUG:colcon.colcon_core.package_identification:Package 'src/robot_final/src/limo_controller' with type 'ros.ament_python' and name 'limo_controller'
[0.255s] Level 1:colcon.colcon_core.package_identification:_identify(src/robot_final/src/my_waypoint_pkg) by extensions ['ignore', 'ignore_ament_install']
[0.255s] Level 1:colcon.colcon_core.package_identification:_identify(src/robot_final/src/my_waypoint_pkg) by extension 'ignore'
[0.255s] Level 1:colcon.colcon_core.package_identification:_identify(src/robot_final/src/my_waypoint_pkg) by extension 'ignore_ament_install'
[0.255s] Level 1:colcon.colcon_core.package_identification:_identify(src/robot_final/src/my_waypoint_pkg) by extensions ['colcon_pkg']
[0.255s] Level 1:colcon.colcon_core.package_identification:_identify(src/robot_final/src/my_waypoint_pkg) by extension 'colcon_pkg'
[0.255s] Level 1:colcon.colcon_core.package_identification:_identify(src/robot_final/src/my_waypoint_pkg) by extensions ['colcon_meta']
[0.255s] Level 1:colcon.colcon_core.package_identification:_identify(src/robot_final/src/my_waypoint_pkg) by extension 'colcon_meta'
[0.255s] Level 1:colcon.colcon_core.package_identification:_identify(src/robot_final/src/my_waypoint_pkg) by extensions ['ros']
[0.255s] Level 1:colcon.colcon_core.package_identification:_identify(src/robot_final/src/my_waypoint_pkg) by extension 'ros'
[0.256s] DEBUG:colcon.colcon_core.package_identification:Package 'src/robot_final/src/my_waypoint_pkg' with type 'ros.ament_python' and name 'my_waypoint_pkg'
[0.256s] Level 1:colcon.colcon_core.package_identification:_identify(src/robot_final/src/py_bt_ros) by extensions ['ignore', 'ignore_ament_install']
[0.256s] Level 1:colcon.colcon_core.package_identification:_identify(src/robot_final/src/py_bt_ros) by extension 'ignore'
[0.256s] Level 1:colcon.colcon_core.package_identification:_identify(src/robot_final/src/py_bt_ros) by extension 'ignore_ament_install'
[0.256s] Level 1:colcon.colcon_core.package_identification:_identify(src/robot_final/src/py_bt_ros) by extensions ['colcon_pkg']
[0.256s] Level 1:colcon.colcon_core.package_identification:_identify(src/robot_final/src/py_bt_ros) by extension 'colcon_pkg'
[0.256s] Level 1:colcon.colcon_core.package_identification:_identify(src/robot_final/src/py_bt_ros) by extensions ['colcon_meta']
[0.256s] Level 1:colcon.colcon_core.package_identification:_identify(src/robot_final/src/py_bt_ros) by extension 'colcon_meta'
[0.256s] Level 1:colcon.colcon_core.package_identification:_identify(src/robot_final/src/py_bt_ros) by extensions ['ros']
[0.256s] Level 1:colcon.colcon_core.package_identification:_identify(src/robot_final/src/py_bt_ros) by extension 'ros'
[0.256s] Level 1:colcon.colcon_core.package_identification:_identify(src/robot_final/src/py_bt_ros) by extensions ['cmake', 'python']
[0.256s] Level 1:colcon.colcon_core.package_identification:_identify(src/robot_final/src/py_bt_ros) by extension 'cmake'
[0.256s] Level 1:colcon.colcon_core.package_identification:_identify(src/robot_final/src/py_bt_ros) by extension 'python'
[0.256s] Level 1:colcon.colcon_core.package_identification:_identify(src/robot_final/src/py_bt_ros) by extensions ['python_setup_py']
[0.256s] Level 1:colcon.colcon_core.package_identification:_identify(src/robot_final/src/py_bt_ros) by extension 'python_setup_py'
[0.256s] Level 1:colcon.colcon_core.package_identification:_identify(src/robot_final/src/py_bt_ros/docs) by extensions ['ignore', 'ignore_ament_install']
[0.256s] Level 1:colcon.colcon_core.package_identification:_identify(src/robot_final/src/py_bt_ros/docs) by extension 'ignore'
[0.256s] Level 1:colcon.colcon_core.package_identification:_identify(src/robot_final/src/py_bt_ros/docs) by extension 'ignore_ament_install'
[0.256s] Level 1:colcon.colcon_core.package_identification:_identify(src/robot_final/src/py_bt_ros/docs) by extensions ['colcon_pkg']
[0.256s] Level 1:colcon.colcon_core.package_identification:_identify(src/robot_final/src/py_bt_ros/docs) by extension 'colcon_pkg'
[0.256s] Level 1:colcon.colcon_core.package_identification:_identify(src/robot_final/src/py_bt_ros/docs) by extensions ['colcon_meta']
[0.257s] Level 1:colcon.colcon_core.package_identification:_identify(src/robot_final/src/py_bt_ros/docs) by extension 'colcon_meta'
[0.257s] Level 1:colcon.colcon_core.package_identification:_identify(src/robot_final/src/py_bt_ros/docs) by extensions ['ros']
[0.257s] Level 1:colcon.colcon_core.package_identification:_identify(src/robot_final/src/py_bt_ros/docs) by extension 'ros'
[0.257s] Level 1:colcon.colcon_core.package_identification:_identify(src/robot_final/src/py_bt_ros/docs) by extensions ['cmake', 'python']
[0.257s] Level 1:colcon.colcon_core.package_identification:_identify(src/robot_final/src/py_bt_ros/docs) by extension 'cmake'
[0.257s] Level 1:colcon.colcon_core.package_identification:_identify(src/robot_final/src/py_bt_ros/docs) by extension 'python'
[0.257s] Level 1:colcon.colcon_core.package_identification:_identify(src/robot_final/src/py_bt_ros/docs) by extensions ['python_setup_py']
[0.257s] Level 1:colcon.colcon_core.package_identification:_identify(src/robot_final/src/py_bt_ros/docs) by extension 'python_setup_py'
[0.257s] Level 1:colcon.colcon_core.package_identification:_identify(src/robot_final/src/py_bt_ros/modules) by extensions ['ignore', 'ignore_ament_install']
[0.257s] Level 1:colcon.colcon_core.package_identification:_identify(src/robot_final/src/py_bt_ros/modules) by extension 'ignore'
[0.257s] Level 1:colcon.colcon_core.package_identification:_identify(src/robot_final/src/py_bt_ros/modules) by extension 'ignore_ament_install'
[0.257s] Level 1:colcon.colcon_core.package_identification:_identify(src/robot_final/src/py_bt_ros/modules) by extensions ['colcon_pkg']
[0.257s] Level 1:colcon.colcon_core.package_identification:_identify(src/robot_final/src/py_bt_ros/modules) by extension 'colcon_pkg'
[0.257s] Level 1:colcon.colcon_core.package_identification:_identify(src/robot_final/src/py_bt_ros/modules) by extensions ['colcon_meta']
[0.257s] Level 1:colcon.colcon_core.package_identification:_identify(src/robot_final/src/py_bt_ros/modules) by extension 'colcon_meta'
[0.257s] Level 1:colcon.colcon_core.package_identification:_identify(src/robot_final/src/py_bt_ros/modules) by extensions ['ros']
[0.257s] Level 1:colcon.colcon_core.package_identification:_identify(src/robot_final/src/py_bt_ros/modules) by extension 'ros'
[0.257s] Level 1:colcon.colcon_core.package_identification:_identify(src/robot_final/src/py_bt_ros/modules) by extensions ['cmake', 'python']
[0.257s] Level 1:colcon.colcon_core.package_identification:_identify(src/robot_final/src/py_bt_ros/modules) by extension 'cmake'
[0.257s] Level 1:colcon.colcon_core.package_identification:_identify(src/robot_final/src/py_bt_ros/modules) by extension 'python'
[0.257s] Level 1:colcon.colcon_core.package_identification:_identify(src/robot_final/src/py_bt_ros/modules) by extensions ['python_setup_py']
[0.257s] Level 1:colcon.colcon_core.package_identification:_identify(src/robot_final/src/py_bt_ros/modules) by extension 'python_setup_py'
[0.257s] Level 1:colcon.colcon_core.package_identification:_identify(src/robot_final/src/py_bt_ros/scenarios) by extensions ['ignore', 'ignore_ament_install']
[0.257s] Level 1:colcon.colcon_core.package_identification:_identify(src/robot_final/src/py_bt_ros/scenarios) by extension 'ignore'
[0.257s] Level 1:colcon.colcon_core.package_identification:_identify(src/robot_final/src/py_bt_ros/scenarios) by extension 'ignore_ament_install'
[0.257s] Level 1:colcon.colcon_core.package_identification:_identify(src/robot_final/src/py_bt_ros/scenarios) by extensions ['colcon_pkg']
[0.257s] Level 1:colcon.colcon_core.package_identification:_identify(src/robot_final/src/py_bt_ros/scenarios) by extension 'colcon_pkg'
[0.257s] Level 1:colcon.colcon_core.package_identification:_identify(src/robot_final/src/py_bt_ros/scenarios) by extensions ['colcon_meta']
[0.257s] Level 1:colcon.colcon_core.package_identification:_identify(src/robot_final/src/py_bt_ros/scenarios) by extension 'colcon_meta'
[0.257s] Level 1:colcon.colcon_core.package_identification:_identify(src/robot_final/src/py_bt_ros/scenarios) by extensions ['ros']
[0.257s] Level 1:colcon.colcon_core.package_identification:_identify(src/robot_final/src/py_bt_ros/scenarios) by extension 'ros'
[0.257s] Level 1:colcon.colcon_core.package_identification:_identify(src/robot_final/src/py_bt_ros/scenarios) by extensions ['cmake', 'python']
[0.257s] Level 1:colcon.colcon_core.package_identification:_identify(src/robot_final/src/py_bt_ros/scenarios) by extension 'cmake'
[0.257s] Level 1:colcon.colcon_core.package_identification:_identify(src/robot_final/src/py_bt_ros/scenarios) by extension 'python'
[0.257s] Level 1:colcon.colcon_core.package_identification:_identify(src/robot_final/src/py_bt_ros/scenarios) by extensions ['python_setup_py']
[0.257s] Level 1:colcon.colcon_core.package_identification:_identify(src/robot_final/src/py_bt_ros/scenarios) by extension 'python_setup_py'
[0.257s] Level 1:colcon.colcon_core.package_identification:_identify(src/robot_final/src/py_bt_ros/scenarios/example_turtlesim) by extensions ['ignore', 'ignore_ament_install']
[0.258s] Level 1:colcon.colcon_core.package_identification:_identify(src/robot_final/src/py_bt_ros/scenarios/example_turtlesim) by extension 'ignore'
[0.258s] Level 1:colcon.colcon_core.package_identification:_identify(src/robot_final/src/py_bt_ros/scenarios/example_turtlesim) by extension 'ignore_ament_install'
[0.258s] Level 1:colcon.colcon_core.package_identification:_identify(src/robot_final/src/py_bt_ros/scenarios/example_turtlesim) by extensions ['colcon_pkg']
[0.258s] Level 1:colcon.colcon_core.package_identification:_identify(src/robot_final/src/py_bt_ros/scenarios/example_turtlesim) by extension 'colcon_pkg'
[0.258s] Level 1:colcon.colcon_core.package_identification:_identify(src/robot_final/src/py_bt_ros/scenarios/example_turtlesim) by extensions ['colcon_meta']
[0.258s] Level 1:colcon.colcon_core.package_identification:_identify(src/robot_final/src/py_bt_ros/scenarios/example_turtlesim) by extension 'colcon_meta'
[0.258s] Level 1:colcon.colcon_core.package_identification:_identify(src/robot_final/src/py_bt_ros/scenarios/example_turtlesim) by extensions ['ros']
[0.258s] Level 1:colcon.colcon_core.package_identification:_identify(src/robot_final/src/py_bt_ros/scenarios/example_turtlesim) by extension 'ros'
[0.258s] Level 1:colcon.colcon_core.package_identification:_identify(src/robot_final/src/py_bt_ros/scenarios/example_turtlesim) by extensions ['cmake', 'python']
[0.258s] Level 1:colcon.colcon_core.package_identification:_identify(src/robot_final/src/py_bt_ros/scenarios/example_turtlesim) by extension 'cmake'
[0.258s] Level 1:colcon.colcon_core.package_identification:_identify(src/robot_final/src/py_bt_ros/scenarios/example_turtlesim) by extension 'python'
[0.258s] Level 1:colcon.colcon_core.package_identification:_identify(src/robot_final/src/py_bt_ros/scenarios/example_turtlesim) by extensions ['python_setup_py']
[0.258s] Level 1:colcon.colcon_core.package_identification:_identify(src/robot_final/src/py_bt_ros/scenarios/example_turtlesim) by extension 'python_setup_py'
[0.258s] Level 1:colcon.colcon_core.package_identification:_identify(src/robot_final/src/py_bt_ros/scenarios/limo_nav2) by extensions ['ignore', 'ignore_ament_install']
[0.258s] Level 1:colcon.colcon_core.package_identification:_identify(src/robot_final/src/py_bt_ros/scenarios/limo_nav2) by extension 'ignore'
[0.258s] Level 1:colcon.colcon_core.package_identification:_identify(src/robot_final/src/py_bt_ros/scenarios/limo_nav2) by extension 'ignore_ament_install'
[0.258s] Level 1:colcon.colcon_core.package_identification:_identify(src/robot_final/src/py_bt_ros/scenarios/limo_nav2) by extensions ['colcon_pkg']
[0.258s] Level 1:colcon.colcon_core.package_identification:_identify(src/robot_final/src/py_bt_ros/scenarios/limo_nav2) by extension 'colcon_pkg'
[0.258s] Level 1:colcon.colcon_core.package_identification:_identify(src/robot_final/src/py_bt_ros/scenarios/limo_nav2) by extensions ['colcon_meta']
[0.258s] Level 1:colcon.colcon_core.package_identification:_identify(src/robot_final/src/py_bt_ros/scenarios/limo_nav2) by extension 'colcon_meta'
[0.258s] Level 1:colcon.colcon_core.package_identification:_identify(src/robot_final/src/py_bt_ros/scenarios/limo_nav2) by extensions ['ros']
[0.258s] Level 1:colcon.colcon_core.package_identification:_identify(src/robot_final/src/py_bt_ros/scenarios/limo_nav2) by extension 'ros'
[0.258s] Level 1:colcon.colcon_core.package_identification:_identify(src/robot_final/src/py_bt_ros/scenarios/limo_nav2) by extensions ['cmake', 'python']
[0.258s] Level 1:colcon.colcon_core.package_identification:_identify(src/robot_final/src/py_bt_ros/scenarios/limo_nav2) by extension 'cmake'
[0.258s] Level 1:colcon.colcon_core.package_identification:_identify(src/robot_final/src/py_bt_ros/scenarios/limo_nav2) by extension 'python'
[0.258s] Level 1:colcon.colcon_core.package_identification:_identify(src/robot_final/src/py_bt_ros/scenarios/limo_nav2) by extensions ['python_setup_py']
[0.258s] Level 1:colcon.colcon_core.package_identification:_identify(src/robot_final/src/py_bt_ros/scenarios/limo_nav2) by extension 'python_setup_py'
[0.258s] Level 1:colcon.colcon_core.package_identification:_identify(src/robot_final/src/qr_scanner) by extensions ['ignore', 'ignore_ament_install']
[0.258s] Level 1:colcon.colcon_core.package_identification:_identify(src/robot_final/src/qr_scanner) by extension 'ignore'
[0.258s] Level 1:colcon.colcon_core.package_identification:_identify(src/robot_final/src/qr_scanner) by extension 'ignore_ament_install'
[0.258s] Level 1:colcon.colcon_core.package_identification:_identify(src/robot_final/src/qr_scanner) by extensions ['colcon_pkg']
[0.258s] Level 1:colcon.colcon_core.package_identification:_identify(src/robot_final/src/qr_scanner) by extension 'colcon_pkg'
[0.258s] Level 1:colcon.colcon_core.package_identification:_identify(src/robot_final/src/qr_scanner) by extensions ['colcon_meta']
[0.258s] Level 1:colcon.colcon_core.package_identification:_identify(src/robot_final/src/qr_scanner) by extension 'colcon_meta'
[0.258s] Level 1:colcon.colcon_core.package_identification:_identify(src/robot_final/src/qr_scanner) by extensions ['ros']
[0.258s] Level 1:colcon.colcon_core.package_identification:_identify(src/robot_final/src/qr_scanner) by extension 'ros'
[0.259s] DEBUG:colcon.colcon_core.package_identification:Package 'src/robot_final/src/qr_scanner' with type 'ros.ament_python' and name 'qr_scanner'
[0.259s] Level 1:colcon.colcon_core.package_identification:_identify(src/robot_final/src/text_to_speecp_pkg) by extensions ['ignore', 'ignore_ament_install']
[0.259s] Level 1:colcon.colcon_core.package_identification:_identify(src/robot_final/src/text_to_speecp_pkg) by extension 'ignore'
[0.259s] Level 1:colcon.colcon_core.package_identification:_identify(src/robot_final/src/text_to_speecp_pkg) by extension 'ignore_ament_install'
[0.259s] Level 1:colcon.colcon_core.package_identification:_identify(src/robot_final/src/text_to_speecp_pkg) by extensions ['colcon_pkg']
[0.259s] Level 1:colcon.colcon_core.package_identification:_identify(src/robot_final/src/text_to_speecp_pkg) by extension 'colcon_pkg'
[0.259s] Level 1:colcon.colcon_core.package_identification:_identify(src/robot_final/src/text_to_speecp_pkg) by extensions ['colcon_meta']
[0.259s] Level 1:colcon.colcon_core.package_identification:_identify(src/robot_final/src/text_to_speecp_pkg) by extension 'colcon_meta'
[0.259s] Level 1:colcon.colcon_core.package_identification:_identify(src/robot_final/src/text_to_speecp_pkg) by extensions ['ros']
[0.259s] Level 1:colcon.colcon_core.package_identification:_identify(src/robot_final/src/text_to_speecp_pkg) by extension 'ros'
[0.259s] DEBUG:colcon.colcon_core.package_identification:Package 'src/robot_final/src/text_to_speecp_pkg' with type 'ros.ament_python' and name 'text_to_speecp_pkg'
[0.259s] Level 1:colcon.colcon_core.package_identification:_identify(src/robot_final/src/url_launcher) by extensions ['ignore', 'ignore_ament_install']
[0.259s] Level 1:colcon.colcon_core.package_identification:_identify(src/robot_final/src/url_launcher) by extension 'ignore'
[0.259s] Level 1:colcon.colcon_core.package_identification:_identify(src/robot_final/src/url_launcher) by extension 'ignore_ament_install'
[0.260s] Level 1:colcon.colcon_core.package_identification:_identify(src/robot_final/src/url_launcher) by extensions ['colcon_pkg']
[0.260s] Level 1:colcon.colcon_core.package_identification:_identify(src/robot_final/src/url_launcher) by extension 'colcon_pkg'
[0.260s] Level 1:colcon.colcon_core.package_identification:_identify(src/robot_final/src/url_launcher) by extensions ['colcon_meta']
[0.260s] Level 1:colcon.colcon_core.package_identification:_identify(src/robot_final/src/url_launcher) by extension 'colcon_meta'
[0.260s] Level 1:colcon.colcon_core.package_identification:_identify(src/robot_final/src/url_launcher) by extensions ['ros']
[0.260s] Level 1:colcon.colcon_core.package_identification:_identify(src/robot_final/src/url_launcher) by extension 'ros'
[0.260s] DEBUG:colcon.colcon_core.package_identification:Package 'src/robot_final/src/url_launcher' with type 'ros.ament_python' and name 'url_launcher'
[0.260s] Level 1:colcon.colcon_core.package_discovery:discover_packages(recursive) using defaults
[0.260s] Level 1:colcon.colcon_core.package_discovery:discover_packages(ignore) discover
[0.260s] Level 1:colcon.colcon_core.package_discovery:discover_packages(ignore) using defaults
[0.260s] Level 1:colcon.colcon_core.package_discovery:discover_packages(path) discover
[0.260s] Level 1:colcon.colcon_core.package_discovery:discover_packages(path) using defaults
[0.281s] Level 1:colcon.colcon_core.package_discovery:discover_packages(prefix_path) check parameters
[0.281s] Level 1:colcon.colcon_core.package_discovery:discover_packages(prefix_path) discover
[0.283s] DEBUG:colcon.colcon_installed_package_information.package_discovery:Found 405 installed packages in /opt/ros/humble
[0.285s] Level 1:colcon.colcon_core.package_discovery:discover_packages(prefix_path) using defaults
[0.314s] Level 5:colcon.colcon_core.verb:set package 'hospital_bt_nav' build argument 'cmake_args' from command line to 'None'
[0.314s] Level 5:colcon.colcon_core.verb:set package 'hospital_bt_nav' build argument 'cmake_target' from command line to 'None'
[0.314s] Level 5:colcon.colcon_core.verb:set package 'hospital_bt_nav' build argument 'cmake_target_skip_unavailable' from command line to 'False'
[0.314s] Level 5:colcon.colcon_core.verb:set package 'hospital_bt_nav' build argument 'cmake_clean_cache' from command line to 'False'
[0.314s] Level 5:colcon.colcon_core.verb:set package 'hospital_bt_nav' build argument 'cmake_clean_first' from command line to 'False'
[0.314s] Level 5:colcon.colcon_core.verb:set package 'hospital_bt_nav' build argument 'cmake_force_configure' from command line to 'False'
[0.314s] Level 5:colcon.colcon_core.verb:set package 'hospital_bt_nav' build argument 'ament_cmake_args' from command line to 'None'
[0.314s] Level 5:colcon.colcon_core.verb:set package 'hospital_bt_nav' build argument 'catkin_cmake_args' from command line to 'None'
[0.314s] Level 5:colcon.colcon_core.verb:set package 'hospital_bt_nav' build argument 'catkin_skip_building_tests' from command line to 'False'
[0.314s] DEBUG:colcon.colcon_core.verb:Building package 'hospital_bt_nav' with the following arguments: {'ament_cmake_args': None, 'build_base': '/home/flynn/darkhorse/build/hospital_bt_nav', 'catkin_cmake_args': None, 'catkin_skip_building_tests': False, 'cmake_args': None, 'cmake_clean_cache': False, 'cmake_clean_first': False, 'cmake_force_configure': False, 'cmake_target': None, 'cmake_target_skip_unavailable': False, 'install_base': '/home/flynn/darkhorse/install/hospital_bt_nav', 'merge_install': False, 'path': '/home/flynn/darkhorse/src/robot_final/src/hospital_bt_nav', 'symlink_install': True, 'test_result_base': None}
[0.314s] Level 5:colcon.colcon_core.verb:set package 'hospital_service' build argument 'cmake_args' from command line to 'None'
[0.314s] Level 5:colcon.colcon_core.verb:set package 'hospital_service' build argument 'cmake_target' from command line to 'None'
[0.314s] Level 5:colcon.colcon_core.verb:set package 'hospital_service' build argument 'cmake_target_skip_unavailable' from command line to 'False'
[0.314s] Level 5:colcon.colcon_core.verb:set package 'hospital_service' build argument 'cmake_clean_cache' from command line to 'False'
[0.314s] Level 5:colcon.colcon_core.verb:set package 'hospital_service' build argument 'cmake_clean_first' from command line to 'False'
[0.314s] Level 5:colcon.colcon_core.verb:set package 'hospital_service' build argument 'cmake_force_configure' from command line to 'False'
[0.314s] Level 5:colcon.colcon_core.verb:set package 'hospital_service' build argument 'ament_cmake_args' from command line to 'None'
[0.314s] Level 5:colcon.colcon_core.verb:set package 'hospital_service' build argument 'catkin_cmake_args' from command line to 'None'
[0.314s] Level 5:colcon.colcon_core.verb:set package 'hospital_service' build argument 'catkin_skip_building_tests' from command line to 'False'
[0.314s] DEBUG:colcon.colcon_core.verb:Building package 'hospital_service' with the following arguments: {'ament_cmake_args': None, 'build_base': '/home/flynn/darkhorse/build/hospital_service', 'catkin_cmake_args': None, 'catkin_skip_building_tests': False, 'cmake_args': None, 'cmake_clean_cache': False, 'cmake_clean_first': False, 'cmake_force_configure': False, 'cmake_target': None, 'cmake_target_skip_unavailable': False, 'install_base': '/home/flynn/darkhorse/install/hospital_service', 'merge_install': False, 'path': '/home/flynn/darkhorse/src/robot_final/src/hospital_service', 'symlink_install': True, 'test_result_base': None}
[0.314s] Level 5:colcon.colcon_core.verb:set package 'keyboard_controller' build argument 'cmake_args' from command line to 'None'
[0.314s] Level 5:colcon.colcon_core.verb:set package 'keyboard_controller' build argument 'cmake_target' from command line to 'None'
[0.315s] Level 5:colcon.colcon_core.verb:set package 'keyboard_controller' build argument 'cmake_target_skip_unavailable' from command line to 'False'
[0.315s] Level 5:colcon.colcon_core.verb:set package 'keyboard_controller' build argument 'cmake_clean_cache' from command line to 'False'
[0.315s] Level 5:colcon.colcon_core.verb:set package 'keyboard_controller' build argument 'cmake_clean_first' from command line to 'False'
[0.315s] Level 5:colcon.colcon_core.verb:set package 'keyboard_controller' build argument 'cmake_force_configure' from command line to 'False'
[0.315s] Level 5:colcon.colcon_core.verb:set package 'keyboard_controller' build argument 'ament_cmake_args' from command line to 'None'
[0.315s] Level 5:colcon.colcon_core.verb:set package 'keyboard_controller' build argument 'catkin_cmake_args' from command line to 'None'
[0.315s] Level 5:colcon.colcon_core.verb:set package 'keyboard_controller' build argument 'catkin_skip_building_tests' from command line to 'False'
[0.315s] DEBUG:colcon.colcon_core.verb:Building package 'keyboard_controller' with the following arguments: {'ament_cmake_args': None, 'build_base': '/home/flynn/darkhorse/build/keyboard_controller', 'catkin_cmake_args': None, 'catkin_skip_building_tests': False, 'cmake_args': None, 'cmake_clean_cache': False, 'cmake_clean_first': False, 'cmake_force_configure': False, 'cmake_target': None, 'cmake_target_skip_unavailable': False, 'install_base': '/home/flynn/darkhorse/install/keyboard_controller', 'merge_install': False, 'path': '/home/flynn/darkhorse/src/robot_final/src/keyboard_controller', 'symlink_install': True, 'test_result_base': None}
[0.315s] Level 5:colcon.colcon_core.verb:set package 'limo_controller' build argument 'cmake_args' from command line to 'None'
[0.315s] Level 5:colcon.colcon_core.verb:set package 'limo_controller' build argument 'cmake_target' from command line to 'None'
[0.315s] Level 5:colcon.colcon_core.verb:set package 'limo_controller' build argument 'cmake_target_skip_unavailable' from command line to 'False'
[0.315s] Level 5:colcon.colcon_core.verb:set package 'limo_controller' build argument 'cmake_clean_cache' from command line to 'False'
[0.315s] Level 5:colcon.colcon_core.verb:set package 'limo_controller' build argument 'cmake_clean_first' from command line to 'False'
[0.315s] Level 5:colcon.colcon_core.verb:set package 'limo_controller' build argument 'cmake_force_configure' from command line to 'False'
[0.315s] Level 5:colcon.colcon_core.verb:set package 'limo_controller' build argument 'ament_cmake_args' from command line to 'None'
[0.315s] Level 5:colcon.colcon_core.verb:set package 'limo_controller' build argument 'catkin_cmake_args' from command line to 'None'
[0.315s] Level 5:colcon.colcon_core.verb:set package 'limo_controller' build argument 'catkin_skip_building_tests' from command line to 'False'
[0.315s] DEBUG:colcon.colcon_core.verb:Building package 'limo_controller' with the following arguments: {'ament_cmake_args': None, 'build_base': '/home/flynn/darkhorse/build/limo_controller', 'catkin_cmake_args': None, 'catkin_skip_building_tests': False, 'cmake_args': None, 'cmake_clean_cache': False, 'cmake_clean_first': False, 'cmake_force_configure': False, 'cmake_target': None, 'cmake_target_skip_unavailable': False, 'install_base': '/home/flynn/darkhorse/install/limo_controller', 'merge_install': False, 'path': '/home/flynn/darkhorse/src/robot_final/src/limo_controller', 'symlink_install': True, 'test_result_base': None}
[0.315s] Level 5:colcon.colcon_core.verb:set package 'my_waypoint_pkg' build argument 'cmake_args' from command line to 'None'
[0.315s] Level 5:colcon.colcon_core.verb:set package 'my_waypoint_pkg' build argument 'cmake_target' from command line to 'None'
[0.315s] Level 5:colcon.colcon_core.verb:set package 'my_waypoint_pkg' build argument 'cmake_target_skip_unavailable' from command line to 'False'
[0.315s] Level 5:colcon.colcon_core.verb:set package 'my_waypoint_pkg' build argument 'cmake_clean_cache' from command line to 'False'
[0.315s] Level 5:colcon.colcon_core.verb:set package 'my_waypoint_pkg' build argument 'cmake_clean_first' from command line to 'False'
[0.315s] Level 5:colcon.colcon_core.verb:set package 'my_waypoint_pkg' build argument 'cmake_force_configure' from command line to 'False'
[0.315s] Level 5:colcon.colcon_core.verb:set package 'my_waypoint_pkg' build argument 'ament_cmake_args' from command line to 'None'
[0.315s] Level 5:colcon.colcon_core.verb:set package 'my_waypoint_pkg' build argument 'catkin_cmake_args' from command line to 'None'
[0.315s] Level 5:colcon.colcon_core.verb:set package 'my_waypoint_pkg' build argument 'catkin_skip_building_tests' from command line to 'False'
[0.315s] DEBUG:colcon.colcon_core.verb:Building package 'my_waypoint_pkg' with the following arguments: {'ament_cmake_args': None, 'build_base': '/home/flynn/darkhorse/build/my_waypoint_pkg', 'catkin_cmake_args': None, 'catkin_skip_building_tests': False, 'cmake_args': None, 'cmake_clean_cache': False, 'cmake_clean_first': False, 'cmake_force_configure': False, 'cmake_target': None, 'cmake_target_skip_unavailable': False, 'install_base': '/home/flynn/darkhorse/install/my_waypoint_pkg', 'merge_install': False, 'path': '/home/flynn/darkhorse/src/robot_final/src/my_waypoint_pkg', 'symlink_install': True, 'test_result_base': None}
[0.315s] Level 5:colcon.colcon_core.verb:set package 'qr_scanner' build argument 'cmake_args' from command line to 'None'
[0.315s] Level 5:colcon.colcon_core.verb:set package 'qr_scanner' build argument 'cmake_target' from command line to 'None'
[0.315s] Level 5:colcon.colcon_core.verb:set package 'qr_scanner' build argument 'cmake_target_skip_unavailable' from command line to 'False'
[0.315s] Level 5:colcon.colcon_core.verb:set package 'qr_scanner' build argument 'cmake_clean_cache' from command line to 'False'
[0.315s] Level 5:colcon.colcon_core.verb:set package 'qr_scanner' build argument 'cmake_clean_first' from command line to 'False'
[0.315s] Level 5:colcon.colcon_core.verb:set package 'qr_scanner' build argument 'cmake_force_configure' from command line to 'False'
[0.315s] Level 5:colcon.colcon_core.verb:set package 'qr_scanner' build argument 'ament_cmake_args' from command line to 'None'
[0.315s] Level 5:colcon.colcon_core.verb:set package 'qr_scanner' build argument 'catkin_cmake_args' from command line to 'None'
[0.315s] Level 5:colcon.colcon_core.verb:set package 'qr_scanner' build argument 'catkin_skip_building_tests' from command line to 'False'
[0.316s] DEBUG:colcon.colcon_core.verb:Building package 'qr_scanner' with the following arguments: {'ament_cmake_args': None, 'build_base': '/home/flynn/darkhorse/build/qr_scanner', 'catkin_cmake_args': None, 'catkin_skip_building_tests': False, 'cmake_args': None, 'cmake_clean_cache': False, 'cmake_clean_first': False, 'cmake_force_configure': False, 'cmake_target': None, 'cmake_target_skip_unavailable': False, 'install_base': '/home/flynn/darkhorse/install/qr_scanner', 'merge_install': False, 'path': '/home/flynn/darkhorse/src/robot_final/src/qr_scanner', 'symlink_install': True, 'test_result_base': None}
[0.316s] Level 5:colcon.colcon_core.verb:set package 'text_to_speecp_pkg' build argument 'cmake_args' from command line to 'None'
[0.316s] Level 5:colcon.colcon_core.verb:set package 'text_to_speecp_pkg' build argument 'cmake_target' from command line to 'None'
[0.316s] Level 5:colcon.colcon_core.verb:set package 'text_to_speecp_pkg' build argument 'cmake_target_skip_unavailable' from command line to 'False'
[0.316s] Level 5:colcon.colcon_core.verb:set package 'text_to_speecp_pkg' build argument 'cmake_clean_cache' from command line to 'False'
[0.316s] Level 5:colcon.colcon_core.verb:set package 'text_to_speecp_pkg' build argument 'cmake_clean_first' from command line to 'False'
[0.316s] Level 5:colcon.colcon_core.verb:set package 'text_to_speecp_pkg' build argument 'cmake_force_configure' from command line to 'False'
[0.316s] Level 5:colcon.colcon_core.verb:set package 'text_to_speecp_pkg' build argument 'ament_cmake_args' from command line to 'None'
[0.316s] Level 5:colcon.colcon_core.verb:set package 'text_to_speecp_pkg' build argument 'catkin_cmake_args' from command line to 'None'
[0.316s] Level 5:colcon.colcon_core.verb:set package 'text_to_speecp_pkg' build argument 'catkin_skip_building_tests' from command line to 'False'
[0.316s] DEBUG:colcon.colcon_core.verb:Building package 'text_to_speecp_pkg' with the following arguments: {'ament_cmake_args': None, 'build_base': '/home/flynn/darkhorse/build/text_to_speecp_pkg', 'catkin_cmake_args': None, 'catkin_skip_building_tests': False, 'cmake_args': None, 'cmake_clean_cache': False, 'cmake_clean_first': False, 'cmake_force_configure': False, 'cmake_target': None, 'cmake_target_skip_unavailable': False, 'install_base': '/home/flynn/darkhorse/install/text_to_speecp_pkg', 'merge_install': False, 'path': '/home/flynn/darkhorse/src/robot_final/src/text_to_speecp_pkg', 'symlink_install': True, 'test_result_base': None}
[0.316s] Level 5:colcon.colcon_core.verb:set package 'url_launcher' build argument 'cmake_args' from command line to 'None'
[0.316s] Level 5:colcon.colcon_core.verb:set package 'url_launcher' build argument 'cmake_target' from command line to 'None'
[0.316s] Level 5:colcon.colcon_core.verb:set package 'url_launcher' build argument 'cmake_target_skip_unavailable' from command line to 'False'
[0.316s] Level 5:colcon.colcon_core.verb:set package 'url_launcher' build argument 'cmake_clean_cache' from command line to 'False'
[0.316s] Level 5:colcon.colcon_core.verb:set package 'url_launcher' build argument 'cmake_clean_first' from command line to 'False'
[0.316s] Level 5:colcon.colcon_core.verb:set package 'url_launcher' build argument 'cmake_force_configure' from command line to 'False'
[0.316s] Level 5:colcon.colcon_core.verb:set package 'url_launcher' build argument 'ament_cmake_args' from command line to 'None'
[0.316s] Level 5:colcon.colcon_core.verb:set package 'url_launcher' build argument 'catkin_cmake_args' from command line to 'None'
[0.316s] Level 5:colcon.colcon_core.verb:set package 'url_launcher' build argument 'catkin_skip_building_tests' from command line to 'False'
[0.316s] DEBUG:colcon.colcon_core.verb:Building package 'url_launcher' with the following arguments: {'ament_cmake_args': None, 'build_base': '/home/flynn/darkhorse/build/url_launcher', 'catkin_cmake_args': None, 'catkin_skip_building_tests': False, 'cmake_args': None, 'cmake_clean_cache': False, 'cmake_clean_first': False, 'cmake_force_configure': False, 'cmake_target': None, 'cmake_target_skip_unavailable': False, 'install_base': '/home/flynn/darkhorse/install/url_launcher', 'merge_install': False, 'path': '/home/flynn/darkhorse/src/robot_final/src/url_launcher', 'symlink_install': True, 'test_result_base': None}
[0.316s] INFO:colcon.colcon_core.executor:Executing jobs using 'parallel' executor
[0.317s] DEBUG:colcon.colcon_parallel_executor.executor.parallel:run_until_complete
[0.317s] INFO:colcon.colcon_ros.task.ament_python.build:Building ROS package in '/home/flynn/darkhorse/src/robot_final/src/hospital_bt_nav' with build type 'ament_python'
[0.318s] Level 1:colcon.colcon_core.shell:create_environment_hook('hospital_bt_nav', 'ament_prefix_path')
[0.319s] INFO:colcon.colcon_core.plugin_system:Skipping extension 'colcon_core.shell.bat': Not used on non-Windows systems
[0.320s] INFO:colcon.colcon_core.shell:Creating environment hook '/home/flynn/darkhorse/install/hospital_bt_nav/share/hospital_bt_nav/hook/ament_prefix_path.ps1'
[0.320s] INFO:colcon.colcon_core.shell:Creating environment descriptor '/home/flynn/darkhorse/install/hospital_bt_nav/share/hospital_bt_nav/hook/ament_prefix_path.dsv'
[0.320s] INFO:colcon.colcon_core.shell:Creating environment hook '/home/flynn/darkhorse/install/hospital_bt_nav/share/hospital_bt_nav/hook/ament_prefix_path.sh'
[0.321s] INFO:colcon.colcon_core.shell:Skip shell extension 'powershell' for command environment: Not usable outside of PowerShell
[0.321s] DEBUG:colcon.colcon_core.shell:Skip shell extension 'dsv' for command environment
[0.323s] INFO:colcon.colcon_ros.task.ament_python.build:Building ROS package in '/home/flynn/darkhorse/src/robot_final/src/hospital_service' with build type 'ament_python'
[0.323s] Level 1:colcon.colcon_core.shell:create_environment_hook('hospital_service', 'ament_prefix_path')
[0.324s] INFO:colcon.colcon_core.shell:Creating environment hook '/home/flynn/darkhorse/install/hospital_service/share/hospital_service/hook/ament_prefix_path.ps1'
[0.324s] INFO:colcon.colcon_core.shell:Creating environment descriptor '/home/flynn/darkhorse/install/hospital_service/share/hospital_service/hook/ament_prefix_path.dsv'
[0.324s] INFO:colcon.colcon_core.shell:Creating environment hook '/home/flynn/darkhorse/install/hospital_service/share/hospital_service/hook/ament_prefix_path.sh'
[0.324s] INFO:colcon.colcon_core.shell:Skip shell extension 'powershell' for command environment: Not usable outside of PowerShell
[0.324s] DEBUG:colcon.colcon_core.shell:Skip shell extension 'dsv' for command environment
[0.326s] INFO:colcon.colcon_ros.task.ament_python.build:Building ROS package in '/home/flynn/darkhorse/src/robot_final/src/keyboard_controller' with build type 'ament_python'
[0.326s] Level 1:colcon.colcon_core.shell:create_environment_hook('keyboard_controller', 'ament_prefix_path')
[0.326s] INFO:colcon.colcon_core.shell:Creating environment hook '/home/flynn/darkhorse/install/keyboard_controller/share/keyboard_controller/hook/ament_prefix_path.ps1'
[0.327s] INFO:colcon.colcon_core.shell:Creating environment descriptor '/home/flynn/darkhorse/install/keyboard_controller/share/keyboard_controller/hook/ament_prefix_path.dsv'
[0.327s] INFO:colcon.colcon_core.shell:Creating environment hook '/home/flynn/darkhorse/install/keyboard_controller/share/keyboard_controller/hook/ament_prefix_path.sh'
[0.327s] INFO:colcon.colcon_core.shell:Skip shell extension 'powershell' for command environment: Not usable outside of PowerShell
[0.327s] DEBUG:colcon.colcon_core.shell:Skip shell extension 'dsv' for command environment
[0.329s] INFO:colcon.colcon_ros.task.ament_python.build:Building ROS package in '/home/flynn/darkhorse/src/robot_final/src/limo_controller' with build type 'ament_python'
[0.329s] Level 1:colcon.colcon_core.shell:create_environment_hook('limo_controller', 'ament_prefix_path')
[0.329s] INFO:colcon.colcon_core.shell:Creating environment hook '/home/flynn/darkhorse/install/limo_controller/share/limo_controller/hook/ament_prefix_path.ps1'
[0.330s] INFO:colcon.colcon_core.shell:Creating environment descriptor '/home/flynn/darkhorse/install/limo_controller/share/limo_controller/hook/ament_prefix_path.dsv'
[0.330s] INFO:colcon.colcon_core.shell:Creating environment hook '/home/flynn/darkhorse/install/limo_controller/share/limo_controller/hook/ament_prefix_path.sh'
[0.330s] INFO:colcon.colcon_core.shell:Skip shell extension 'powershell' for command environment: Not usable outside of PowerShell
[0.330s] DEBUG:colcon.colcon_core.shell:Skip shell extension 'dsv' for command environment
[0.332s] INFO:colcon.colcon_ros.task.ament_python.build:Building ROS package in '/home/flynn/darkhorse/src/robot_final/src/my_waypoint_pkg' with build type 'ament_python'
[0.332s] Level 1:colcon.colcon_core.shell:create_environment_hook('my_waypoint_pkg', 'ament_prefix_path')
[0.332s] INFO:colcon.colcon_core.shell:Creating environment hook '/home/flynn/darkhorse/install/my_waypoint_pkg/share/my_waypoint_pkg/hook/ament_prefix_path.ps1'
[0.332s] INFO:colcon.colcon_core.shell:Creating environment descriptor '/home/flynn/darkhorse/install/my_waypoint_pkg/share/my_waypoint_pkg/hook/ament_prefix_path.dsv'
[0.333s] INFO:colcon.colcon_core.shell:Creating environment hook '/home/flynn/darkhorse/install/my_waypoint_pkg/share/my_waypoint_pkg/hook/ament_prefix_path.sh'
[0.333s] INFO:colcon.colcon_core.shell:Skip shell extension 'powershell' for command environment: Not usable outside of PowerShell
[0.333s] DEBUG:colcon.colcon_core.shell:Skip shell extension 'dsv' for command environment
[0.335s] INFO:colcon.colcon_ros.task.ament_python.build:Building ROS package in '/home/flynn/darkhorse/src/robot_final/src/qr_scanner' with build type 'ament_python'
[0.335s] Level 1:colcon.colcon_core.shell:create_environment_hook('qr_scanner', 'ament_prefix_path')
[0.335s] INFO:colcon.colcon_core.shell:Creating environment hook '/home/flynn/darkhorse/install/qr_scanner/share/qr_scanner/hook/ament_prefix_path.ps1'
[0.335s] INFO:colcon.colcon_core.shell:Creating environment descriptor '/home/flynn/darkhorse/install/qr_scanner/share/qr_scanner/hook/ament_prefix_path.dsv'
[0.335s] INFO:colcon.colcon_core.shell:Creating environment hook '/home/flynn/darkhorse/install/qr_scanner/share/qr_scanner/hook/ament_prefix_path.sh'
[0.336s] INFO:colcon.colcon_core.shell:Skip shell extension 'powershell' for command environment: Not usable outside of PowerShell
[0.336s] DEBUG:colcon.colcon_core.shell:Skip shell extension 'dsv' for command environment
[0.337s] INFO:colcon.colcon_ros.task.ament_python.build:Building ROS package in '/home/flynn/darkhorse/src/robot_final/src/text_to_speecp_pkg' with build type 'ament_python'
[0.337s] Level 1:colcon.colcon_core.shell:create_environment_hook('text_to_speecp_pkg', 'ament_prefix_path')
[0.338s] INFO:colcon.colcon_core.shell:Creating environment hook '/home/flynn/darkhorse/install/text_to_speecp_pkg/share/text_to_speecp_pkg/hook/ament_prefix_path.ps1'
[0.338s] INFO:colcon.colcon_core.shell:Creating environment descriptor '/home/flynn/darkhorse/install/text_to_speecp_pkg/share/text_to_speecp_pkg/hook/ament_prefix_path.dsv'
[0.338s] INFO:colcon.colcon_core.shell:Creating environment hook '/home/flynn/darkhorse/install/text_to_speecp_pkg/share/text_to_speecp_pkg/hook/ament_prefix_path.sh'
[0.338s] INFO:colcon.colcon_core.shell:Skip shell extension 'powershell' for command environment: Not usable outside of PowerShell
[0.338s] DEBUG:colcon.colcon_core.shell:Skip shell extension 'dsv' for command environment
[0.340s] INFO:colcon.colcon_ros.task.ament_python.build:Building ROS package in '/home/flynn/darkhorse/src/robot_final/src/url_launcher' with build type 'ament_python'
[0.340s] Level 1:colcon.colcon_core.shell:create_environment_hook('url_launcher', 'ament_prefix_path')
[0.340s] INFO:colcon.colcon_core.shell:Creating environment hook '/home/flynn/darkhorse/install/url_launcher/share/url_launcher/hook/ament_prefix_path.ps1'
[0.341s] INFO:colcon.colcon_core.shell:Creating environment descriptor '/home/flynn/darkhorse/install/url_launcher/share/url_launcher/hook/ament_prefix_path.dsv'
[0.341s] INFO:colcon.colcon_core.shell:Creating environment hook '/home/flynn/darkhorse/install/url_launcher/share/url_launcher/hook/ament_prefix_path.sh'
[0.341s] INFO:colcon.colcon_core.shell:Skip shell extension 'powershell' for command environment: Not usable outside of PowerShell
[0.341s] DEBUG:colcon.colcon_core.shell:Skip shell extension 'dsv' for command environment
[0.510s] INFO:colcon.colcon_core.task.python.build:Building Python package in '/home/flynn/darkhorse/src/robot_final/src/hospital_bt_nav'
[0.511s] INFO:colcon.colcon_core.shell:Skip shell extension 'powershell' for command environment: Not usable outside of PowerShell
[0.511s] DEBUG:colcon.colcon_core.shell:Skip shell extension 'dsv' for command environment
[0.670s] INFO:colcon.colcon_core.task.python.build:Building Python package in '/home/flynn/darkhorse/src/robot_final/src/hospital_service'
[0.670s] INFO:colcon.colcon_core.shell:Skip shell extension 'powershell' for command environment: Not usable outside of PowerShell
[0.670s] DEBUG:colcon.colcon_core.shell:Skip shell extension 'dsv' for command environment
[0.826s] INFO:colcon.colcon_core.task.python.build:Building Python package in '/home/flynn/darkhorse/src/robot_final/src/keyboard_controller'
[0.826s] INFO:colcon.colcon_core.shell:Skip shell extension 'powershell' for command environment: Not usable outside of PowerShell
[0.826s] DEBUG:colcon.colcon_core.shell:Skip shell extension 'dsv' for command environment
[0.982s] INFO:colcon.colcon_core.task.python.build:Building Python package in '/home/flynn/darkhorse/src/robot_final/src/limo_controller'
[0.983s] INFO:colcon.colcon_core.shell:Skip shell extension 'powershell' for command environment: Not usable outside of PowerShell
[0.983s] DEBUG:colcon.colcon_core.shell:Skip shell extension 'dsv' for command environment
[1.158s] INFO:colcon.colcon_core.task.python.build:Building Python package in '/home/flynn/darkhorse/src/robot_final/src/my_waypoint_pkg'
[1.158s] INFO:colcon.colcon_core.shell:Skip shell extension 'powershell' for command environment: Not usable outside of PowerShell
[1.158s] DEBUG:colcon.colcon_core.shell:Skip shell extension 'dsv' for command environment
[1.317s] INFO:colcon.colcon_core.task.python.build:Building Python package in '/home/flynn/darkhorse/src/robot_final/src/qr_scanner'
[1.317s] INFO:colcon.colcon_core.shell:Skip shell extension 'powershell' for command environment: Not usable outside of PowerShell
[1.317s] DEBUG:colcon.colcon_core.shell:Skip shell extension 'dsv' for command environment
[1.490s] INFO:colcon.colcon_core.task.python.build:Building Python package in '/home/flynn/darkhorse/src/robot_final/src/text_to_speecp_pkg'
[1.490s] INFO:colcon.colcon_core.shell:Skip shell extension 'powershell' for command environment: Not usable outside of PowerShell
[1.490s] DEBUG:colcon.colcon_core.shell:Skip shell extension 'dsv' for command environment
[1.651s] INFO:colcon.colcon_core.task.python.build:Building Python package in '/home/flynn/darkhorse/src/robot_final/src/url_launcher'
[1.651s] INFO:colcon.colcon_core.shell:Skip shell extension 'powershell' for command environment: Not usable outside of PowerShell
[1.651s] DEBUG:colcon.colcon_core.shell:Skip shell extension 'dsv' for command environment
[2.023s] DEBUG:colcon.colcon_core.event_handler.log_command:Invoking command in '/home/flynn/darkhorse/build/my_waypoint_pkg': PYTHONPATH=/home/flynn/darkhorse/build/my_waypoint_pkg/prefix_override:/usr/lib/python3/dist-packages/colcon_core/task/python/colcon_distutils_commands:/home/flynn/darkhorse/install/my_waypoint_pkg/lib/python3.10/site-packages:${PYTHONPATH} /usr/bin/python3 -W ignore:setup.py install is deprecated -W ignore:easy_install command is deprecated setup.py develop --editable --build-directory /home/flynn/darkhorse/build/my_waypoint_pkg/build --no-deps symlink_data
[2.024s] DEBUG:colcon.colcon_core.event_handler.log_command:Invoking command in '/home/flynn/darkhorse/build/url_launcher': PYTHONPATH=/home/flynn/darkhorse/build/url_launcher/prefix_override:/usr/lib/python3/dist-packages/colcon_core/task/python/colcon_distutils_commands:/home/flynn/darkhorse/install/url_launcher/lib/python3.10/site-packages:${PYTHONPATH} /usr/bin/python3 -W ignore:setup.py install is deprecated -W ignore:easy_install command is deprecated setup.py develop --editable --build-directory /home/flynn/darkhorse/build/url_launcher/build --no-deps symlink_data
[2.025s] DEBUG:colcon.colcon_core.event_handler.log_command:Invoking command in '/home/flynn/darkhorse/build/text_to_speecp_pkg': PYTHONPATH=/home/flynn/darkhorse/build/text_to_speecp_pkg/prefix_override:/usr/lib/python3/dist-packages/colcon_core/task/python/colcon_distutils_commands:/home/flynn/darkhorse/install/text_to_speecp_pkg/lib/python3.10/site-packages:${PYTHONPATH} /usr/bin/python3 -W ignore:setup.py install is deprecated -W ignore:easy_install command is deprecated setup.py develop --editable --build-directory /home/flynn/darkhorse/build/text_to_speecp_pkg/build --no-deps symlink_data
[2.026s] DEBUG:colcon.colcon_core.event_handler.log_command:Invoking command in '/home/flynn/darkhorse/build/qr_scanner': PYTHONPATH=/home/flynn/darkhorse/build/qr_scanner/prefix_override:/usr/lib/python3/dist-packages/colcon_core/task/python/colcon_distutils_commands:/home/flynn/darkhorse/install/qr_scanner/lib/python3.10/site-packages:${PYTHONPATH} /usr/bin/python3 -W ignore:setup.py install is deprecated -W ignore:easy_install command is deprecated setup.py develop --editable --build-directory /home/flynn/darkhorse/build/qr_scanner/build --no-deps symlink_data
[2.027s] DEBUG:colcon.colcon_core.event_handler.log_command:Invoking command in '/home/flynn/darkhorse/build/keyboard_controller': PYTHONPATH=/home/flynn/darkhorse/build/keyboard_controller/prefix_override:/usr/lib/python3/dist-packages/colcon_core/task/python/colcon_distutils_commands:/home/flynn/darkhorse/install/keyboard_controller/lib/python3.10/site-packages:${PYTHONPATH} /usr/bin/python3 -W ignore:setup.py install is deprecated -W ignore:easy_install command is deprecated setup.py develop --editable --build-directory /home/flynn/darkhorse/build/keyboard_controller/build --no-deps symlink_data
[2.028s] DEBUG:colcon.colcon_core.event_handler.log_command:Invoking command in '/home/flynn/darkhorse/build/hospital_bt_nav': PYTHONPATH=/home/flynn/darkhorse/build/hospital_bt_nav/prefix_override:/usr/lib/python3/dist-packages/colcon_core/task/python/colcon_distutils_commands:/home/flynn/darkhorse/install/hospital_bt_nav/lib/python3.10/site-packages:${PYTHONPATH} /usr/bin/python3 -W ignore:setup.py install is deprecated -W ignore:easy_install command is deprecated setup.py develop --editable --build-directory /home/flynn/darkhorse/build/hospital_bt_nav/build --no-deps symlink_data
[2.030s] DEBUG:colcon.colcon_core.event_handler.log_command:Invoking command in '/home/flynn/darkhorse/build/hospital_service': PYTHONPATH=/home/flynn/darkhorse/build/hospital_service/prefix_override:/usr/lib/python3/dist-packages/colcon_core/task/python/colcon_distutils_commands:/home/flynn/darkhorse/install/hospital_service/lib/python3.10/site-packages:${PYTHONPATH} /usr/bin/python3 -W ignore:setup.py install is deprecated -W ignore:easy_install command is deprecated setup.py develop --editable --build-directory /home/flynn/darkhorse/build/hospital_service/build --no-deps symlink_data
[2.031s] DEBUG:colcon.colcon_core.event_handler.log_command:Invoking command in '/home/flynn/darkhorse/build/limo_controller': PYTHONPATH=/home/flynn/darkhorse/build/limo_controller/prefix_override:/usr/lib/python3/dist-packages/colcon_core/task/python/colcon_distutils_commands:/home/flynn/darkhorse/install/limo_controller/lib/python3.10/site-packages:${PYTHONPATH} /usr/bin/python3 -W ignore:setup.py install is deprecated -W ignore:easy_install command is deprecated setup.py develop --editable --build-directory /home/flynn/darkhorse/build/limo_controller/build --no-deps symlink_data
[2.402s] Level 1:colcon.colcon_core.shell:create_environment_hook('my_waypoint_pkg', 'pythonpath_develop')
[2.402s] INFO:colcon.colcon_core.shell:Creating environment hook '/home/flynn/darkhorse/build/my_waypoint_pkg/share/my_waypoint_pkg/hook/pythonpath_develop.ps1'
[2.403s] DEBUG:colcon.colcon_core.event_handler.log_command:Invoked command in '/home/flynn/darkhorse/build/my_waypoint_pkg' returned '0': PYTHONPATH=/home/flynn/darkhorse/build/my_waypoint_pkg/prefix_override:/usr/lib/python3/dist-packages/colcon_core/task/python/colcon_distutils_commands:/home/flynn/darkhorse/install/my_waypoint_pkg/lib/python3.10/site-packages:${PYTHONPATH} /usr/bin/python3 -W ignore:setup.py install is deprecated -W ignore:easy_install command is deprecated setup.py develop --editable --build-directory /home/flynn/darkhorse/build/my_waypoint_pkg/build --no-deps symlink_data
[2.403s] INFO:colcon.colcon_core.shell:Creating environment descriptor '/home/flynn/darkhorse/build/my_waypoint_pkg/share/my_waypoint_pkg/hook/pythonpath_develop.dsv'
[2.404s] INFO:colcon.colcon_core.shell:Creating environment hook '/home/flynn/darkhorse/build/my_waypoint_pkg/share/my_waypoint_pkg/hook/pythonpath_develop.sh'
[2.406s] Level 1:colcon.colcon_core.environment:checking '/home/flynn/darkhorse/install/my_waypoint_pkg' for CMake module files
[2.406s] Level 1:colcon.colcon_core.environment:checking '/home/flynn/darkhorse/install/my_waypoint_pkg' for CMake config files
[2.407s] Level 1:colcon.colcon_core.environment:checking '/home/flynn/darkhorse/install/my_waypoint_pkg/lib'
[2.407s] Level 1:colcon.colcon_core.environment:checking '/home/flynn/darkhorse/install/my_waypoint_pkg/bin'
[2.407s] Level 1:colcon.colcon_core.environment:checking '/home/flynn/darkhorse/install/my_waypoint_pkg/lib/pkgconfig/my_waypoint_pkg.pc'
[2.407s] Level 1:colcon.colcon_core.environment:checking '/home/flynn/darkhorse/install/my_waypoint_pkg/lib/python3.10/site-packages'
[2.407s] Level 1:colcon.colcon_core.shell:create_environment_hook('my_waypoint_pkg', 'pythonpath')
[2.407s] INFO:colcon.colcon_core.shell:Creating environment hook '/home/flynn/darkhorse/install/my_waypoint_pkg/share/my_waypoint_pkg/hook/pythonpath.ps1'
[2.407s] INFO:colcon.colcon_core.shell:Creating environment descriptor '/home/flynn/darkhorse/install/my_waypoint_pkg/share/my_waypoint_pkg/hook/pythonpath.dsv'
[2.408s] INFO:colcon.colcon_core.shell:Creating environment hook '/home/flynn/darkhorse/install/my_waypoint_pkg/share/my_waypoint_pkg/hook/pythonpath.sh'
[2.408s] Level 1:colcon.colcon_core.environment:checking '/home/flynn/darkhorse/install/my_waypoint_pkg/bin'
[2.408s] Level 1:colcon.colcon_core.environment:create_environment_scripts_only(my_waypoint_pkg)
[2.408s] INFO:colcon.colcon_core.shell:Creating package script '/home/flynn/darkhorse/install/my_waypoint_pkg/share/my_waypoint_pkg/package.ps1'
[2.409s] INFO:colcon.colcon_core.shell:Creating package descriptor '/home/flynn/darkhorse/install/my_waypoint_pkg/share/my_waypoint_pkg/package.dsv'
[2.409s] INFO:colcon.colcon_core.shell:Creating package script '/home/flynn/darkhorse/install/my_waypoint_pkg/share/my_waypoint_pkg/package.sh'
[2.410s] INFO:colcon.colcon_core.shell:Creating package script '/home/flynn/darkhorse/install/my_waypoint_pkg/share/my_waypoint_pkg/package.bash'
[2.411s] INFO:colcon.colcon_core.shell:Creating package script '/home/flynn/darkhorse/install/my_waypoint_pkg/share/my_waypoint_pkg/package.zsh'
[2.411s] Level 1:colcon.colcon_core.environment:create_file_with_runtime_dependencies(/home/flynn/darkhorse/install/my_waypoint_pkg/share/colcon-core/packages/my_waypoint_pkg)
[2.413s] Level 1:colcon.colcon_core.shell:create_environment_hook('hospital_service', 'pythonpath_develop')
[2.414s] INFO:colcon.colcon_core.shell:Creating environment hook '/home/flynn/darkhorse/build/hospital_service/share/hospital_service/hook/pythonpath_develop.ps1'
[2.414s] DEBUG:colcon.colcon_core.event_handler.log_command:Invoked command in '/home/flynn/darkhorse/build/hospital_service' returned '0': PYTHONPATH=/home/flynn/darkhorse/build/hospital_service/prefix_override:/usr/lib/python3/dist-packages/colcon_core/task/python/colcon_distutils_commands:/home/flynn/darkhorse/install/hospital_service/lib/python3.10/site-packages:${PYTHONPATH} /usr/bin/python3 -W ignore:setup.py install is deprecated -W ignore:easy_install command is deprecated setup.py develop --editable --build-directory /home/flynn/darkhorse/build/hospital_service/build --no-deps symlink_data
[2.414s] INFO:colcon.colcon_core.shell:Creating environment descriptor '/home/flynn/darkhorse/build/hospital_service/share/hospital_service/hook/pythonpath_develop.dsv'
[2.415s] INFO:colcon.colcon_core.shell:Creating environment hook '/home/flynn/darkhorse/build/hospital_service/share/hospital_service/hook/pythonpath_develop.sh'
[2.415s] Level 1:colcon.colcon_core.environment:checking '/home/flynn/darkhorse/install/hospital_service' for CMake module files
[2.415s] Level 1:colcon.colcon_core.environment:checking '/home/flynn/darkhorse/install/hospital_service' for CMake config files
[2.415s] Level 1:colcon.colcon_core.environment:checking '/home/flynn/darkhorse/install/hospital_service/lib'
[2.416s] Level 1:colcon.colcon_core.environment:checking '/home/flynn/darkhorse/install/hospital_service/bin'
[2.416s] Level 1:colcon.colcon_core.environment:checking '/home/flynn/darkhorse/install/hospital_service/lib/pkgconfig/hospital_service.pc'
[2.416s] Level 1:colcon.colcon_core.environment:checking '/home/flynn/darkhorse/install/hospital_service/lib/python3.10/site-packages'
[2.416s] Level 1:colcon.colcon_core.shell:create_environment_hook('hospital_service', 'pythonpath')
[2.416s] INFO:colcon.colcon_core.shell:Creating environment hook '/home/flynn/darkhorse/install/hospital_service/share/hospital_service/hook/pythonpath.ps1'
[2.416s] INFO:colcon.colcon_core.shell:Creating environment descriptor '/home/flynn/darkhorse/install/hospital_service/share/hospital_service/hook/pythonpath.dsv'
[2.416s] INFO:colcon.colcon_core.shell:Creating environment hook '/home/flynn/darkhorse/install/hospital_service/share/hospital_service/hook/pythonpath.sh'
[2.417s] Level 1:colcon.colcon_core.environment:checking '/home/flynn/darkhorse/install/hospital_service/bin'
[2.417s] Level 1:colcon.colcon_core.environment:create_environment_scripts_only(hospital_service)
[2.417s] INFO:colcon.colcon_core.shell:Creating package script '/home/flynn/darkhorse/install/hospital_service/share/hospital_service/package.ps1'
[2.417s] INFO:colcon.colcon_core.shell:Creating package descriptor '/home/flynn/darkhorse/install/hospital_service/share/hospital_service/package.dsv'
[2.417s] INFO:colcon.colcon_core.shell:Creating package script '/home/flynn/darkhorse/install/hospital_service/share/hospital_service/package.sh'
[2.418s] INFO:colcon.colcon_core.shell:Creating package script '/home/flynn/darkhorse/install/hospital_service/share/hospital_service/package.bash'
[2.418s] INFO:colcon.colcon_core.shell:Creating package script '/home/flynn/darkhorse/install/hospital_service/share/hospital_service/package.zsh'
[2.418s] Level 1:colcon.colcon_core.environment:create_file_with_runtime_dependencies(/home/flynn/darkhorse/install/hospital_service/share/colcon-core/packages/hospital_service)
[2.418s] Level 1:colcon.colcon_core.shell:create_environment_hook('text_to_speecp_pkg', 'pythonpath_develop')
[2.418s] INFO:colcon.colcon_core.shell:Creating environment hook '/home/flynn/darkhorse/build/text_to_speecp_pkg/share/text_to_speecp_pkg/hook/pythonpath_develop.ps1'
[2.419s] INFO:colcon.colcon_core.shell:Creating environment descriptor '/home/flynn/darkhorse/build/text_to_speecp_pkg/share/text_to_speecp_pkg/hook/pythonpath_develop.dsv'
[2.420s] INFO:colcon.colcon_core.shell:Creating environment hook '/home/flynn/darkhorse/build/text_to_speecp_pkg/share/text_to_speecp_pkg/hook/pythonpath_develop.sh'
[2.420s] DEBUG:colcon.colcon_core.event_handler.log_command:Invoked command in '/home/flynn/darkhorse/build/text_to_speecp_pkg' returned '0': PYTHONPATH=/home/flynn/darkhorse/build/text_to_speecp_pkg/prefix_override:/usr/lib/python3/dist-packages/colcon_core/task/python/colcon_distutils_commands:/home/flynn/darkhorse/install/text_to_speecp_pkg/lib/python3.10/site-packages:${PYTHONPATH} /usr/bin/python3 -W ignore:setup.py install is deprecated -W ignore:easy_install command is deprecated setup.py develop --editable --build-directory /home/flynn/darkhorse/build/text_to_speecp_pkg/build --no-deps symlink_data
[2.420s] Level 1:colcon.colcon_core.environment:checking '/home/flynn/darkhorse/install/text_to_speecp_pkg' for CMake module files
[2.420s] Level 1:colcon.colcon_core.environment:checking '/home/flynn/darkhorse/install/text_to_speecp_pkg' for CMake config files
[2.420s] Level 1:colcon.colcon_core.environment:checking '/home/flynn/darkhorse/install/text_to_speecp_pkg/lib'
[2.420s] Level 1:colcon.colcon_core.environment:checking '/home/flynn/darkhorse/install/text_to_speecp_pkg/bin'
[2.421s] Level 1:colcon.colcon_core.environment:checking '/home/flynn/darkhorse/install/text_to_speecp_pkg/lib/pkgconfig/text_to_speecp_pkg.pc'
[2.421s] Level 1:colcon.colcon_core.environment:checking '/home/flynn/darkhorse/install/text_to_speecp_pkg/lib/python3.10/site-packages'
[2.421s] Level 1:colcon.colcon_core.shell:create_environment_hook('text_to_speecp_pkg', 'pythonpath')
[2.421s] INFO:colcon.colcon_core.shell:Creating environment hook '/home/flynn/darkhorse/install/text_to_speecp_pkg/share/text_to_speecp_pkg/hook/pythonpath.ps1'
[2.421s] INFO:colcon.colcon_core.shell:Creating environment descriptor '/home/flynn/darkhorse/install/text_to_speecp_pkg/share/text_to_speecp_pkg/hook/pythonpath.dsv'
[2.421s] INFO:colcon.colcon_core.shell:Creating environment hook '/home/flynn/darkhorse/install/text_to_speecp_pkg/share/text_to_speecp_pkg/hook/pythonpath.sh'
[2.422s] Level 1:colcon.colcon_core.environment:checking '/home/flynn/darkhorse/install/text_to_speecp_pkg/bin'
[2.422s] Level 1:colcon.colcon_core.environment:create_environment_scripts_only(text_to_speecp_pkg)
[2.422s] INFO:colcon.colcon_core.shell:Creating package script '/home/flynn/darkhorse/install/text_to_speecp_pkg/share/text_to_speecp_pkg/package.ps1'
[2.422s] INFO:colcon.colcon_core.shell:Creating package descriptor '/home/flynn/darkhorse/install/text_to_speecp_pkg/share/text_to_speecp_pkg/package.dsv'
[2.422s] INFO:colcon.colcon_core.shell:Creating package script '/home/flynn/darkhorse/install/text_to_speecp_pkg/share/text_to_speecp_pkg/package.sh'
[2.423s] INFO:colcon.colcon_core.shell:Creating package script '/home/flynn/darkhorse/install/text_to_speecp_pkg/share/text_to_speecp_pkg/package.bash'
[2.423s] INFO:colcon.colcon_core.shell:Creating package script '/home/flynn/darkhorse/install/text_to_speecp_pkg/share/text_to_speecp_pkg/package.zsh'
[2.423s] Level 1:colcon.colcon_core.environment:create_file_with_runtime_dependencies(/home/flynn/darkhorse/install/text_to_speecp_pkg/share/colcon-core/packages/text_to_speecp_pkg)
[2.423s] Level 1:colcon.colcon_core.shell:create_environment_hook('url_launcher', 'pythonpath_develop')
[2.423s] INFO:colcon.colcon_core.shell:Creating environment hook '/home/flynn/darkhorse/build/url_launcher/share/url_launcher/hook/pythonpath_develop.ps1'
[2.424s] DEBUG:colcon.colcon_core.event_handler.log_command:Invoked command in '/home/flynn/darkhorse/build/url_launcher' returned '0': PYTHONPATH=/home/flynn/darkhorse/build/url_launcher/prefix_override:/usr/lib/python3/dist-packages/colcon_core/task/python/colcon_distutils_commands:/home/flynn/darkhorse/install/url_launcher/lib/python3.10/site-packages:${PYTHONPATH} /usr/bin/python3 -W ignore:setup.py install is deprecated -W ignore:easy_install command is deprecated setup.py develop --editable --build-directory /home/flynn/darkhorse/build/url_launcher/build --no-deps symlink_data
[2.424s] INFO:colcon.colcon_core.shell:Creating environment descriptor '/home/flynn/darkhorse/build/url_launcher/share/url_launcher/hook/pythonpath_develop.dsv'
[2.424s] INFO:colcon.colcon_core.shell:Creating environment hook '/home/flynn/darkhorse/build/url_launcher/share/url_launcher/hook/pythonpath_develop.sh'
[2.424s] Level 1:colcon.colcon_core.environment:checking '/home/flynn/darkhorse/install/url_launcher' for CMake module files
[2.425s] Level 1:colcon.colcon_core.environment:checking '/home/flynn/darkhorse/install/url_launcher' for CMake config files
[2.425s] Level 1:colcon.colcon_core.environment:checking '/home/flynn/darkhorse/install/url_launcher/lib'
[2.425s] Level 1:colcon.colcon_core.environment:checking '/home/flynn/darkhorse/install/url_launcher/bin'
[2.425s] Level 1:colcon.colcon_core.environment:checking '/home/flynn/darkhorse/install/url_launcher/lib/pkgconfig/url_launcher.pc'
[2.425s] Level 1:colcon.colcon_core.environment:checking '/home/flynn/darkhorse/install/url_launcher/lib/python3.10/site-packages'
[2.425s] Level 1:colcon.colcon_core.shell:create_environment_hook('url_launcher', 'pythonpath')
[2.425s] INFO:colcon.colcon_core.shell:Creating environment hook '/home/flynn/darkhorse/install/url_launcher/share/url_launcher/hook/pythonpath.ps1'
[2.426s] INFO:colcon.colcon_core.shell:Creating environment descriptor '/home/flynn/darkhorse/install/url_launcher/share/url_launcher/hook/pythonpath.dsv'
[2.426s] INFO:colcon.colcon_core.shell:Creating environment hook '/home/flynn/darkhorse/install/url_launcher/share/url_launcher/hook/pythonpath.sh'
[2.426s] Level 1:colcon.colcon_core.environment:checking '/home/flynn/darkhorse/install/url_launcher/bin'
[2.426s] Level 1:colcon.colcon_core.environment:create_environment_scripts_only(url_launcher)
[2.426s] INFO:colcon.colcon_core.shell:Creating package script '/home/flynn/darkhorse/install/url_launcher/share/url_launcher/package.ps1'
[2.427s] INFO:colcon.colcon_core.shell:Creating package descriptor '/home/flynn/darkhorse/install/url_launcher/share/url_launcher/package.dsv'
[2.427s] INFO:colcon.colcon_core.shell:Creating package script '/home/flynn/darkhorse/install/url_launcher/share/url_launcher/package.sh'
[2.427s] INFO:colcon.colcon_core.shell:Creating package script '/home/flynn/darkhorse/install/url_launcher/share/url_launcher/package.bash'
[2.427s] INFO:colcon.colcon_core.shell:Creating package script '/home/flynn/darkhorse/install/url_launcher/share/url_launcher/package.zsh'
[2.428s] Level 1:colcon.colcon_core.environment:create_file_with_runtime_dependencies(/home/flynn/darkhorse/install/url_launcher/share/colcon-core/packages/url_launcher)
[2.428s] Level 1:colcon.colcon_core.shell:create_environment_hook('qr_scanner', 'pythonpath_develop')
[2.428s] INFO:colcon.colcon_core.shell:Creating environment hook '/home/flynn/darkhorse/build/qr_scanner/share/qr_scanner/hook/pythonpath_develop.ps1'
[2.429s] DEBUG:colcon.colcon_core.event_handler.log_command:Invoked command in '/home/flynn/darkhorse/build/qr_scanner' returned '0': PYTHONPATH=/home/flynn/darkhorse/build/qr_scanner/prefix_override:/usr/lib/python3/dist-packages/colcon_core/task/python/colcon_distutils_commands:/home/flynn/darkhorse/install/qr_scanner/lib/python3.10/site-packages:${PYTHONPATH} /usr/bin/python3 -W ignore:setup.py install is deprecated -W ignore:easy_install command is deprecated setup.py develop --editable --build-directory /home/flynn/darkhorse/build/qr_scanner/build --no-deps symlink_data
[2.429s] INFO:colcon.colcon_core.shell:Creating environment descriptor '/home/flynn/darkhorse/build/qr_scanner/share/qr_scanner/hook/pythonpath_develop.dsv'
[2.429s] INFO:colcon.colcon_core.shell:Creating environment hook '/home/flynn/darkhorse/build/qr_scanner/share/qr_scanner/hook/pythonpath_develop.sh'
[2.429s] Level 1:colcon.colcon_core.environment:checking '/home/flynn/darkhorse/install/qr_scanner' for CMake module files
[2.430s] Level 1:colcon.colcon_core.environment:checking '/home/flynn/darkhorse/install/qr_scanner' for CMake config files
[2.430s] Level 1:colcon.colcon_core.environment:checking '/home/flynn/darkhorse/install/qr_scanner/lib'
[2.430s] Level 1:colcon.colcon_core.environment:checking '/home/flynn/darkhorse/install/qr_scanner/bin'
[2.430s] Level 1:colcon.colcon_core.environment:checking '/home/flynn/darkhorse/install/qr_scanner/lib/pkgconfig/qr_scanner.pc'
[2.430s] Level 1:colcon.colcon_core.environment:checking '/home/flynn/darkhorse/install/qr_scanner/lib/python3.10/site-packages'
[2.430s] Level 1:colcon.colcon_core.shell:create_environment_hook('qr_scanner', 'pythonpath')
[2.430s] INFO:colcon.colcon_core.shell:Creating environment hook '/home/flynn/darkhorse/install/qr_scanner/share/qr_scanner/hook/pythonpath.ps1'
[2.430s] INFO:colcon.colcon_core.shell:Creating environment descriptor '/home/flynn/darkhorse/install/qr_scanner/share/qr_scanner/hook/pythonpath.dsv'
[2.430s] INFO:colcon.colcon_core.shell:Creating environment hook '/home/flynn/darkhorse/install/qr_scanner/share/qr_scanner/hook/pythonpath.sh'
[2.431s] Level 1:colcon.colcon_core.environment:checking '/home/flynn/darkhorse/install/qr_scanner/bin'
[2.431s] Level 1:colcon.colcon_core.environment:create_environment_scripts_only(qr_scanner)
[2.431s] INFO:colcon.colcon_core.shell:Creating package script '/home/flynn/darkhorse/install/qr_scanner/share/qr_scanner/package.ps1'
[2.431s] INFO:colcon.colcon_core.shell:Creating package descriptor '/home/flynn/darkhorse/install/qr_scanner/share/qr_scanner/package.dsv'
[2.432s] INFO:colcon.colcon_core.shell:Creating package script '/home/flynn/darkhorse/install/qr_scanner/share/qr_scanner/package.sh'
[2.432s] INFO:colcon.colcon_core.shell:Creating package script '/home/flynn/darkhorse/install/qr_scanner/share/qr_scanner/package.bash'
[2.432s] INFO:colcon.colcon_core.shell:Creating package script '/home/flynn/darkhorse/install/qr_scanner/share/qr_scanner/package.zsh'
[2.432s] Level 1:colcon.colcon_core.environment:create_file_with_runtime_dependencies(/home/flynn/darkhorse/install/qr_scanner/share/colcon-core/packages/qr_scanner)
[2.432s] Level 1:colcon.colcon_core.shell:create_environment_hook('hospital_bt_nav', 'pythonpath_develop')
[2.432s] INFO:colcon.colcon_core.shell:Creating environment hook '/home/flynn/darkhorse/build/hospital_bt_nav/share/hospital_bt_nav/hook/pythonpath_develop.ps1'
[2.433s] DEBUG:colcon.colcon_core.event_handler.log_command:Invoked command in '/home/flynn/darkhorse/build/hospital_bt_nav' returned '0': PYTHONPATH=/home/flynn/darkhorse/build/hospital_bt_nav/prefix_override:/usr/lib/python3/dist-packages/colcon_core/task/python/colcon_distutils_commands:/home/flynn/darkhorse/install/hospital_bt_nav/lib/python3.10/site-packages:${PYTHONPATH} /usr/bin/python3 -W ignore:setup.py install is deprecated -W ignore:easy_install command is deprecated setup.py develop --editable --build-directory /home/flynn/darkhorse/build/hospital_bt_nav/build --no-deps symlink_data
[2.433s] INFO:colcon.colcon_core.shell:Creating environment descriptor '/home/flynn/darkhorse/build/hospital_bt_nav/share/hospital_bt_nav/hook/pythonpath_develop.dsv'
[2.433s] INFO:colcon.colcon_core.shell:Creating environment hook '/home/flynn/darkhorse/build/hospital_bt_nav/share/hospital_bt_nav/hook/pythonpath_develop.sh'
[2.433s] Level 1:colcon.colcon_core.environment:checking '/home/flynn/darkhorse/install/hospital_bt_nav' for CMake module files
[2.434s] Level 1:colcon.colcon_core.environment:checking '/home/flynn/darkhorse/install/hospital_bt_nav' for CMake config files
[2.434s] Level 1:colcon.colcon_core.environment:checking '/home/flynn/darkhorse/install/hospital_bt_nav/lib'
[2.434s] Level 1:colcon.colcon_core.environment:checking '/home/flynn/darkhorse/install/hospital_bt_nav/bin'
[2.434s] Level 1:colcon.colcon_core.environment:checking '/home/flynn/darkhorse/install/hospital_bt_nav/lib/pkgconfig/hospital_bt_nav.pc'
[2.434s] Level 1:colcon.colcon_core.environment:checking '/home/flynn/darkhorse/install/hospital_bt_nav/lib/python3.10/site-packages'
[2.434s] Level 1:colcon.colcon_core.shell:create_environment_hook('hospital_bt_nav', 'pythonpath')
[2.434s] INFO:colcon.colcon_core.shell:Creating environment hook '/home/flynn/darkhorse/install/hospital_bt_nav/share/hospital_bt_nav/hook/pythonpath.ps1'
[2.434s] INFO:colcon.colcon_core.shell:Creating environment descriptor '/home/flynn/darkhorse/install/hospital_bt_nav/share/hospital_bt_nav/hook/pythonpath.dsv'
[2.435s] INFO:colcon.colcon_core.shell:Creating environment hook '/home/flynn/darkhorse/install/hospital_bt_nav/share/hospital_bt_nav/hook/pythonpath.sh'
[2.435s] Level 1:colcon.colcon_core.environment:checking '/home/flynn/darkhorse/install/hospital_bt_nav/bin'
[2.435s] Level 1:colcon.colcon_core.environment:create_environment_scripts_only(hospital_bt_nav)
[2.435s] INFO:colcon.colcon_core.shell:Creating package script '/home/flynn/darkhorse/install/hospital_bt_nav/share/hospital_bt_nav/package.ps1'
[2.436s] INFO:colcon.colcon_core.shell:Creating package descriptor '/home/flynn/darkhorse/install/hospital_bt_nav/share/hospital_bt_nav/package.dsv'
[2.436s] INFO:colcon.colcon_core.shell:Creating package script '/home/flynn/darkhorse/install/hospital_bt_nav/share/hospital_bt_nav/package.sh'
[2.436s] INFO:colcon.colcon_core.shell:Creating package script '/home/flynn/darkhorse/install/hospital_bt_nav/share/hospital_bt_nav/package.bash'
[2.436s] INFO:colcon.colcon_core.shell:Creating package script '/home/flynn/darkhorse/install/hospital_bt_nav/share/hospital_bt_nav/package.zsh'
[2.436s] Level 1:colcon.colcon_core.environment:create_file_with_runtime_dependencies(/home/flynn/darkhorse/install/hospital_bt_nav/share/colcon-core/packages/hospital_bt_nav)
[2.437s] Level 1:colcon.colcon_core.shell:create_environment_hook('limo_controller', 'pythonpath_develop')
[2.437s] INFO:colcon.colcon_core.shell:Creating environment hook '/home/flynn/darkhorse/build/limo_controller/share/limo_controller/hook/pythonpath_develop.ps1'
[2.437s] DEBUG:colcon.colcon_core.event_handler.log_command:Invoked command in '/home/flynn/darkhorse/build/limo_controller' returned '0': PYTHONPATH=/home/flynn/darkhorse/build/limo_controller/prefix_override:/usr/lib/python3/dist-packages/colcon_core/task/python/colcon_distutils_commands:/home/flynn/darkhorse/install/limo_controller/lib/python3.10/site-packages:${PYTHONPATH} /usr/bin/python3 -W ignore:setup.py install is deprecated -W ignore:easy_install command is deprecated setup.py develop --editable --build-directory /home/flynn/darkhorse/build/limo_controller/build --no-deps symlink_data
[2.437s] INFO:colcon.colcon_core.shell:Creating environment descriptor '/home/flynn/darkhorse/build/limo_controller/share/limo_controller/hook/pythonpath_develop.dsv'
[2.437s] INFO:colcon.colcon_core.shell:Creating environment hook '/home/flynn/darkhorse/build/limo_controller/share/limo_controller/hook/pythonpath_develop.sh'
[2.438s] Level 1:colcon.colcon_core.environment:checking '/home/flynn/darkhorse/install/limo_controller' for CMake module files
[2.438s] Level 1:colcon.colcon_core.environment:checking '/home/flynn/darkhorse/install/limo_controller' for CMake config files
[2.438s] Level 1:colcon.colcon_core.environment:checking '/home/flynn/darkhorse/install/limo_controller/lib'
[2.438s] Level 1:colcon.colcon_core.environment:checking '/home/flynn/darkhorse/install/limo_controller/bin'
[2.438s] Level 1:colcon.colcon_core.environment:checking '/home/flynn/darkhorse/install/limo_controller/lib/pkgconfig/limo_controller.pc'
[2.438s] Level 1:colcon.colcon_core.environment:checking '/home/flynn/darkhorse/install/limo_controller/lib/python3.10/site-packages'
[2.438s] Level 1:colcon.colcon_core.shell:create_environment_hook('limo_controller', 'pythonpath')
[2.439s] INFO:colcon.colcon_core.shell:Creating environment hook '/home/flynn/darkhorse/install/limo_controller/share/limo_controller/hook/pythonpath.ps1'
[2.439s] INFO:colcon.colcon_core.shell:Creating environment descriptor '/home/flynn/darkhorse/install/limo_controller/share/limo_controller/hook/pythonpath.dsv'
[2.439s] INFO:colcon.colcon_core.shell:Creating environment hook '/home/flynn/darkhorse/install/limo_controller/share/limo_controller/hook/pythonpath.sh'
[2.439s] Level 1:colcon.colcon_core.environment:checking '/home/flynn/darkhorse/install/limo_controller/bin'
[2.439s] Level 1:colcon.colcon_core.environment:create_environment_scripts_only(limo_controller)
[2.440s] INFO:colcon.colcon_core.shell:Creating package script '/home/flynn/darkhorse/install/limo_controller/share/limo_controller/package.ps1'
[2.440s] INFO:colcon.colcon_core.shell:Creating package descriptor '/home/flynn/darkhorse/install/limo_controller/share/limo_controller/package.dsv'
[2.440s] INFO:colcon.colcon_core.shell:Creating package script '/home/flynn/darkhorse/install/limo_controller/share/limo_controller/package.sh'
[2.440s] INFO:colcon.colcon_core.shell:Creating package script '/home/flynn/darkhorse/install/limo_controller/share/limo_controller/package.bash'
[2.440s] INFO:colcon.colcon_core.shell:Creating package script '/home/flynn/darkhorse/install/limo_controller/share/limo_controller/package.zsh'
[2.441s] Level 1:colcon.colcon_core.environment:create_file_with_runtime_dependencies(/home/flynn/darkhorse/install/limo_controller/share/colcon-core/packages/limo_controller)
[2.441s] Level 1:colcon.colcon_core.shell:create_environment_hook('keyboard_controller', 'pythonpath_develop')
[2.441s] INFO:colcon.colcon_core.shell:Creating environment hook '/home/flynn/darkhorse/build/keyboard_controller/share/keyboard_controller/hook/pythonpath_develop.ps1'
[2.441s] DEBUG:colcon.colcon_core.event_handler.log_command:Invoked command in '/home/flynn/darkhorse/build/keyboard_controller' returned '0': PYTHONPATH=/home/flynn/darkhorse/build/keyboard_controller/prefix_override:/usr/lib/python3/dist-packages/colcon_core/task/python/colcon_distutils_commands:/home/flynn/darkhorse/install/keyboard_controller/lib/python3.10/site-packages:${PYTHONPATH} /usr/bin/python3 -W ignore:setup.py install is deprecated -W ignore:easy_install command is deprecated setup.py develop --editable --build-directory /home/flynn/darkhorse/build/keyboard_controller/build --no-deps symlink_data
[2.441s] INFO:colcon.colcon_core.shell:Creating environment descriptor '/home/flynn/darkhorse/build/keyboard_controller/share/keyboard_controller/hook/pythonpath_develop.dsv'
[2.442s] INFO:colcon.colcon_core.shell:Creating environment hook '/home/flynn/darkhorse/build/keyboard_controller/share/keyboard_controller/hook/pythonpath_develop.sh'
[2.442s] Level 1:colcon.colcon_core.environment:checking '/home/flynn/darkhorse/install/keyboard_controller' for CMake module files
[2.442s] Level 1:colcon.colcon_core.environment:checking '/home/flynn/darkhorse/install/keyboard_controller' for CMake config files
[2.442s] Level 1:colcon.colcon_core.environment:checking '/home/flynn/darkhorse/install/keyboard_controller/lib'
[2.442s] Level 1:colcon.colcon_core.environment:checking '/home/flynn/darkhorse/install/keyboard_controller/bin'
[2.442s] Level 1:colcon.colcon_core.environment:checking '/home/flynn/darkhorse/install/keyboard_controller/lib/pkgconfig/keyboard_controller.pc'
[2.443s] Level 1:colcon.colcon_core.environment:checking '/home/flynn/darkhorse/install/keyboard_controller/lib/python3.10/site-packages'
[2.443s] Level 1:colcon.colcon_core.shell:create_environment_hook('keyboard_controller', 'pythonpath')
[2.443s] INFO:colcon.colcon_core.shell:Creating environment hook '/home/flynn/darkhorse/install/keyboard_controller/share/keyboard_controller/hook/pythonpath.ps1'
[2.443s] INFO:colcon.colcon_core.shell:Creating environment descriptor '/home/flynn/darkhorse/install/keyboard_controller/share/keyboard_controller/hook/pythonpath.dsv'
[2.443s] INFO:colcon.colcon_core.shell:Creating environment hook '/home/flynn/darkhorse/install/keyboard_controller/share/keyboard_controller/hook/pythonpath.sh'
[2.443s] Level 1:colcon.colcon_core.environment:checking '/home/flynn/darkhorse/install/keyboard_controller/bin'
[2.443s] Level 1:colcon.colcon_core.environment:create_environment_scripts_only(keyboard_controller)
[2.444s] INFO:colcon.colcon_core.shell:Creating package script '/home/flynn/darkhorse/install/keyboard_controller/share/keyboard_controller/package.ps1'
[2.444s] INFO:colcon.colcon_core.shell:Creating package descriptor '/home/flynn/darkhorse/install/keyboard_controller/share/keyboard_controller/package.dsv'
[2.444s] INFO:colcon.colcon_core.shell:Creating package script '/home/flynn/darkhorse/install/keyboard_controller/share/keyboard_controller/package.sh'
[2.444s] INFO:colcon.colcon_core.shell:Creating package script '/home/flynn/darkhorse/install/keyboard_controller/share/keyboard_controller/package.bash'
[2.445s] INFO:colcon.colcon_core.shell:Creating package script '/home/flynn/darkhorse/install/keyboard_controller/share/keyboard_controller/package.zsh'
[2.445s] Level 1:colcon.colcon_core.environment:create_file_with_runtime_dependencies(/home/flynn/darkhorse/install/keyboard_controller/share/colcon-core/packages/keyboard_controller)
[2.445s] DEBUG:colcon.colcon_parallel_executor.executor.parallel:closing loop
[2.445s] DEBUG:colcon.colcon_parallel_executor.executor.parallel:loop closed
[2.445s] DEBUG:colcon.colcon_parallel_executor.executor.parallel:run_until_complete finished with '0'
[2.445s] DEBUG:colcon.colcon_core.event_reactor:joining thread
[2.449s] INFO:colcon.colcon_core.plugin_system:Skipping extension 'colcon_notification.desktop_notification.terminal_notifier': Not used on non-Darwin systems
[2.449s] INFO:colcon.colcon_core.plugin_system:Skipping extension 'colcon_notification.desktop_notification.win32': Not used on non-Windows systems
[2.449s] INFO:colcon.colcon_notification.desktop_notification:Sending desktop notification using 'notify2'
[2.463s] DEBUG:colcon.colcon_core.event_reactor:joined thread
[2.463s] INFO:colcon.colcon_core.shell:Creating prefix script '/home/flynn/darkhorse/install/local_setup.ps1'
[2.464s] INFO:colcon.colcon_core.shell:Creating prefix util module '/home/flynn/darkhorse/install/_local_setup_util_ps1.py'
[2.465s] INFO:colcon.colcon_core.shell:Creating prefix chain script '/home/flynn/darkhorse/install/setup.ps1'
[2.465s] INFO:colcon.colcon_core.shell:Creating prefix script '/home/flynn/darkhorse/install/local_setup.sh'
[2.466s] INFO:colcon.colcon_core.shell:Creating prefix util module '/home/flynn/darkhorse/install/_local_setup_util_sh.py'
[2.466s] INFO:colcon.colcon_core.shell:Creating prefix chain script '/home/flynn/darkhorse/install/setup.sh'
[2.467s] INFO:colcon.colcon_core.shell:Creating prefix script '/home/flynn/darkhorse/install/local_setup.bash'
[2.467s] INFO:colcon.colcon_core.shell:Creating prefix chain script '/home/flynn/darkhorse/install/setup.bash'
[2.467s] INFO:colcon.colcon_core.shell:Creating prefix script '/home/flynn/darkhorse/install/local_setup.zsh'
[2.468s] INFO:colcon.colcon_core.shell:Creating prefix chain script '/home/flynn/darkhorse/install/setup.zsh'
