running develop
running egg_info
creating hospital_service.egg-info
writing hospital_service.egg-info/PKG-INFO
writing dependency_links to hospital_service.egg-info/dependency_links.txt
writing entry points to hospital_service.egg-info/entry_points.txt
writing requirements to hospital_service.egg-info/requires.txt
writing top-level names to hospital_service.egg-info/top_level.txt
writing manifest file 'hospital_service.egg-info/SOURCES.txt'
reading manifest file 'hospital_service.egg-info/SOURCES.txt'
writing manifest file 'hospital_service.egg-info/SOURCES.txt'
running build_ext
Creating /home/flynn/darkhorse/install/hospital_service/lib/python3.10/site-packages/hospital-service.egg-link (link to .)
Installing run_nurse script to /home/flynn/darkhorse/install/hospital_service/lib/hospital_service

Installed /home/flynn/darkhorse/build/hospital_service
running symlink_data
creating /home/flynn/darkhorse/install/hospital_service/share/ament_index
creating /home/flynn/darkhorse/install/hospital_service/share/ament_index/resource_index
creating /home/flynn/darkhorse/install/hospital_service/share/ament_index/resource_index/packages
symbolically linking /home/flynn/darkhorse/build/hospital_service/resource/hospital_service -> /home/flynn/darkhorse/install/hospital_service/share/ament_index/resource_index/packages
symbolically linking /home/flynn/darkhorse/build/hospital_service/package.xml -> /home/flynn/darkhorse/install/hospital_service/share/hospital_service
