[1.706s] Invoking command in '/home/flynn/darkhorse/build/hospital_service': PYTHONPATH=/home/flynn/darkhorse/build/hospital_service/prefix_override:/usr/lib/python3/dist-packages/colcon_core/task/python/colcon_distutils_commands:/home/flynn/darkhorse/install/hospital_service/lib/python3.10/site-packages:${PYTHONPATH} /usr/bin/python3 -W ignore:setup.py install is deprecated -W ignore:easy_install command is deprecated setup.py develop --editable --build-directory /home/flynn/darkhorse/build/hospital_service/build --no-deps symlink_data
[1.912s] running develop
[2.033s] running egg_info
[2.033s] creating hospital_service.egg-info
[2.035s] writing hospital_service.egg-info/PKG-INFO
[2.042s] writing dependency_links to hospital_service.egg-info/dependency_links.txt
[2.042s] writing entry points to hospital_service.egg-info/entry_points.txt
[2.047s] writing requirements to hospital_service.egg-info/requires.txt
[2.047s] writing top-level names to hospital_service.egg-info/top_level.txt
[2.048s] writing manifest file 'hospital_service.egg-info/SOURCES.txt'
[2.048s] reading manifest file 'hospital_service.egg-info/SOURCES.txt'
[2.049s] writing manifest file 'hospital_service.egg-info/SOURCES.txt'
[2.051s] running build_ext
[2.052s] Creating /home/flynn/darkhorse/install/hospital_service/lib/python3.10/site-packages/hospital-service.egg-link (link to .)
[2.054s] Installing run_nurse script to /home/flynn/darkhorse/install/hospital_service/lib/hospital_service
[2.054s] 
[2.054s] Installed /home/flynn/darkhorse/build/hospital_service
[2.054s] running symlink_data
[2.054s] creating /home/flynn/darkhorse/install/hospital_service/share/ament_index
[2.054s] creating /home/flynn/darkhorse/install/hospital_service/share/ament_index/resource_index
[2.054s] creating /home/flynn/darkhorse/install/hospital_service/share/ament_index/resource_index/packages
[2.055s] symbolically linking /home/flynn/darkhorse/build/hospital_service/resource/hospital_service -> /home/flynn/darkhorse/install/hospital_service/share/ament_index/resource_index/packages
[2.055s] symbolically linking /home/flynn/darkhorse/build/hospital_service/package.xml -> /home/flynn/darkhorse/install/hospital_service/share/hospital_service
[2.090s] Invoked command in '/home/flynn/darkhorse/build/hospital_service' returned '0': PYTHONPATH=/home/flynn/darkhorse/build/hospital_service/prefix_override:/usr/lib/python3/dist-packages/colcon_core/task/python/colcon_distutils_commands:/home/flynn/darkhorse/install/hospital_service/lib/python3.10/site-packages:${PYTHONPATH} /usr/bin/python3 -W ignore:setup.py install is deprecated -W ignore:easy_install command is deprecated setup.py develop --editable --build-directory /home/flynn/darkhorse/build/hospital_service/build --no-deps symlink_data
