running develop
running egg_info
creating my_waypoint_pkg.egg-info
writing my_waypoint_pkg.egg-info/PKG-INFO
writing dependency_links to my_waypoint_pkg.egg-info/dependency_links.txt
writing entry points to my_waypoint_pkg.egg-info/entry_points.txt
writing requirements to my_waypoint_pkg.egg-info/requires.txt
writing top-level names to my_waypoint_pkg.egg-info/top_level.txt
writing manifest file 'my_waypoint_pkg.egg-info/SOURCES.txt'
reading manifest file 'my_waypoint_pkg.egg-info/SOURCES.txt'
writing manifest file 'my_waypoint_pkg.egg-info/SOURCES.txt'
running build_ext
Creating /home/flynn/darkhorse/install/my_waypoint_pkg/lib/python3.10/site-packages/my-waypoint-pkg.egg-link (link to .)

Installed /home/flynn/darkhorse/build/my_waypoint_pkg
running symlink_data
creating /home/flynn/darkhorse/install/my_waypoint_pkg/share/ament_index
creating /home/flynn/darkhorse/install/my_waypoint_pkg/share/ament_index/resource_index
creating /home/flynn/darkhorse/install/my_waypoint_pkg/share/ament_index/resource_index/packages
symbolically linking /home/flynn/darkhorse/build/my_waypoint_pkg/resource/my_waypoint_pkg -> /home/flynn/darkhorse/install/my_waypoint_pkg/share/ament_index/resource_index/packages
symbolically linking /home/flynn/darkhorse/build/my_waypoint_pkg/package.xml -> /home/flynn/darkhorse/install/my_waypoint_pkg/share/my_waypoint_pkg
