[1.691s] Invoking command in '/home/flynn/darkhorse/build/my_waypoint_pkg': PYTHONPATH=/home/flynn/darkhorse/build/my_waypoint_pkg/prefix_override:/usr/lib/python3/dist-packages/colcon_core/task/python/colcon_distutils_commands:/home/flynn/darkhorse/install/my_waypoint_pkg/lib/python3.10/site-packages:${PYTHONPATH} /usr/bin/python3 -W ignore:setup.py install is deprecated -W ignore:easy_install command is deprecated setup.py develop --editable --build-directory /home/flynn/darkhorse/build/my_waypoint_pkg/build --no-deps symlink_data
[1.905s] running develop
[2.025s] running egg_info
[2.025s] creating my_waypoint_pkg.egg-info
[2.026s] writing my_waypoint_pkg.egg-info/PKG-INFO
[2.038s] writing dependency_links to my_waypoint_pkg.egg-info/dependency_links.txt
[2.038s] writing entry points to my_waypoint_pkg.egg-info/entry_points.txt
[2.038s] writing requirements to my_waypoint_pkg.egg-info/requires.txt
[2.038s] writing top-level names to my_waypoint_pkg.egg-info/top_level.txt
[2.039s] writing manifest file 'my_waypoint_pkg.egg-info/SOURCES.txt'
[2.042s] reading manifest file 'my_waypoint_pkg.egg-info/SOURCES.txt'
[2.042s] writing manifest file 'my_waypoint_pkg.egg-info/SOURCES.txt'
[2.043s] running build_ext
[2.044s] Creating /home/flynn/darkhorse/install/my_waypoint_pkg/lib/python3.10/site-packages/my-waypoint-pkg.egg-link (link to .)
[2.045s] 
[2.045s] Installed /home/flynn/darkhorse/build/my_waypoint_pkg
[2.046s] running symlink_data
[2.046s] creating /home/flynn/darkhorse/install/my_waypoint_pkg/share/ament_index
[2.046s] creating /home/flynn/darkhorse/install/my_waypoint_pkg/share/ament_index/resource_index
[2.046s] creating /home/flynn/darkhorse/install/my_waypoint_pkg/share/ament_index/resource_index/packages
[2.047s] symbolically linking /home/flynn/darkhorse/build/my_waypoint_pkg/resource/my_waypoint_pkg -> /home/flynn/darkhorse/install/my_waypoint_pkg/share/ament_index/resource_index/packages
[2.047s] symbolically linking /home/flynn/darkhorse/build/my_waypoint_pkg/package.xml -> /home/flynn/darkhorse/install/my_waypoint_pkg/share/my_waypoint_pkg
[2.071s] Invoked command in '/home/flynn/darkhorse/build/my_waypoint_pkg' returned '0': PYTHONPATH=/home/flynn/darkhorse/build/my_waypoint_pkg/prefix_override:/usr/lib/python3/dist-packages/colcon_core/task/python/colcon_distutils_commands:/home/flynn/darkhorse/install/my_waypoint_pkg/lib/python3.10/site-packages:${PYTHONPATH} /usr/bin/python3 -W ignore:setup.py install is deprecated -W ignore:easy_install command is deprecated setup.py develop --editable --build-directory /home/flynn/darkhorse/build/my_waypoint_pkg/build --no-deps symlink_data
