running develop
running egg_info
creating keyboard_controller.egg-info
writing keyboard_controller.egg-info/PKG-INFO
writing dependency_links to keyboard_controller.egg-info/dependency_links.txt
writing entry points to keyboard_controller.egg-info/entry_points.txt
writing requirements to keyboard_controller.egg-info/requires.txt
writing top-level names to keyboard_controller.egg-info/top_level.txt
writing manifest file 'keyboard_controller.egg-info/SOURCES.txt'
reading manifest file 'keyboard_controller.egg-info/SOURCES.txt'
writing manifest file 'keyboard_controller.egg-info/SOURCES.txt'
running build_ext
Creating /home/flynn/darkhorse/install/keyboard_controller/lib/python3.10/site-packages/keyboard-controller.egg-link (link to .)
Installing keyboard_node script to /home/flynn/darkhorse/install/keyboard_controller/lib/keyboard_controller

Installed /home/flynn/darkhorse/build/keyboard_controller
running symlink_data
creating /home/flynn/darkhorse/install/keyboard_controller/share/ament_index
creating /home/flynn/darkhorse/install/keyboard_controller/share/ament_index/resource_index
creating /home/flynn/darkhorse/install/keyboard_controller/share/ament_index/resource_index/packages
symbolically linking /home/flynn/darkhorse/build/keyboard_controller/resource/keyboard_controller -> /home/flynn/darkhorse/install/keyboard_controller/share/ament_index/resource_index/packages
symbolically linking /home/flynn/darkhorse/build/keyboard_controller/package.xml -> /home/flynn/darkhorse/install/keyboard_controller/share/keyboard_controller
