[1.700s] Invoking command in '/home/flynn/darkhorse/build/keyboard_controller': PYTHONPATH=/home/flynn/darkhorse/build/keyboard_controller/prefix_override:/usr/lib/python3/dist-packages/colcon_core/task/python/colcon_distutils_commands:/home/flynn/darkhorse/install/keyboard_controller/lib/python3.10/site-packages:${PYTHONPATH} /usr/bin/python3 -W ignore:setup.py install is deprecated -W ignore:easy_install command is deprecated setup.py develop --editable --build-directory /home/flynn/darkhorse/build/keyboard_controller/build --no-deps symlink_data
[1.917s] running develop
[2.036s] running egg_info
[2.036s] creating keyboard_controller.egg-info
[2.044s] writing keyboard_controller.egg-info/PKG-INFO
[2.046s] writing dependency_links to keyboard_controller.egg-info/dependency_links.txt
[2.047s] writing entry points to keyboard_controller.egg-info/entry_points.txt
[2.048s] writing requirements to keyboard_controller.egg-info/requires.txt
[2.048s] writing top-level names to keyboard_controller.egg-info/top_level.txt
[2.048s] writing manifest file 'keyboard_controller.egg-info/SOURCES.txt'
[2.051s] reading manifest file 'keyboard_controller.egg-info/SOURCES.txt'
[2.054s] writing manifest file 'keyboard_controller.egg-info/SOURCES.txt'
[2.056s] running build_ext
[2.056s] Creating /home/flynn/darkhorse/install/keyboard_controller/lib/python3.10/site-packages/keyboard-controller.egg-link (link to .)
[2.056s] Installing keyboard_node script to /home/flynn/darkhorse/install/keyboard_controller/lib/keyboard_controller
[2.056s] 
[2.056s] Installed /home/flynn/darkhorse/build/keyboard_controller
[2.056s] running symlink_data
[2.056s] creating /home/flynn/darkhorse/install/keyboard_controller/share/ament_index
[2.057s] creating /home/flynn/darkhorse/install/keyboard_controller/share/ament_index/resource_index
[2.057s] creating /home/flynn/darkhorse/install/keyboard_controller/share/ament_index/resource_index/packages
[2.057s] symbolically linking /home/flynn/darkhorse/build/keyboard_controller/resource/keyboard_controller -> /home/flynn/darkhorse/install/keyboard_controller/share/ament_index/resource_index/packages
[2.057s] symbolically linking /home/flynn/darkhorse/build/keyboard_controller/package.xml -> /home/flynn/darkhorse/install/keyboard_controller/share/keyboard_controller
[2.115s] Invoked command in '/home/flynn/darkhorse/build/keyboard_controller' returned '0': PYTHONPATH=/home/flynn/darkhorse/build/keyboard_controller/prefix_override:/usr/lib/python3/dist-packages/colcon_core/task/python/colcon_distutils_commands:/home/flynn/darkhorse/install/keyboard_controller/lib/python3.10/site-packages:${PYTHONPATH} /usr/bin/python3 -W ignore:setup.py install is deprecated -W ignore:easy_install command is deprecated setup.py develop --editable --build-directory /home/flynn/darkhorse/build/keyboard_controller/build --no-deps symlink_data
