running develop
running egg_info
creating text_to_speecp_pkg.egg-info
writing text_to_speecp_pkg.egg-info/PKG-INFO
writing dependency_links to text_to_speecp_pkg.egg-info/dependency_links.txt
writing entry points to text_to_speecp_pkg.egg-info/entry_points.txt
writing requirements to text_to_speecp_pkg.egg-info/requires.txt
writing top-level names to text_to_speecp_pkg.egg-info/top_level.txt
writing manifest file 'text_to_speecp_pkg.egg-info/SOURCES.txt'
reading manifest file 'text_to_speecp_pkg.egg-info/SOURCES.txt'
writing manifest file 'text_to_speecp_pkg.egg-info/SOURCES.txt'
running build_ext
Creating /home/flynn/darkhorse/install/text_to_speecp_pkg/lib/python3.10/site-packages/text-to-speecp-pkg.egg-link (link to .)

Installed /home/flynn/darkhorse/build/text_to_speecp_pkg
running symlink_data
creating /home/flynn/darkhorse/install/text_to_speecp_pkg/share/ament_index
creating /home/flynn/darkhorse/install/text_to_speecp_pkg/share/ament_index/resource_index
creating /home/flynn/darkhorse/install/text_to_speecp_pkg/share/ament_index/resource_index/packages
symbolically linking /home/flynn/darkhorse/build/text_to_speecp_pkg/resource/text_to_speecp_pkg -> /home/flynn/darkhorse/install/text_to_speecp_pkg/share/ament_index/resource_index/packages
symbolically linking /home/flynn/darkhorse/build/text_to_speecp_pkg/package.xml -> /home/flynn/darkhorse/install/text_to_speecp_pkg/share/text_to_speecp_pkg
