[1.687s] Invoking command in '/home/flynn/darkhorse/build/text_to_speecp_pkg': PYTHONPATH=/home/flynn/darkhorse/build/text_to_speecp_pkg/prefix_override:/usr/lib/python3/dist-packages/colcon_core/task/python/colcon_distutils_commands:/home/flynn/darkhorse/install/text_to_speecp_pkg/lib/python3.10/site-packages:${PYTHONPATH} /usr/bin/python3 -W ignore:setup.py install is deprecated -W ignore:easy_install command is deprecated setup.py develop --editable --build-directory /home/flynn/darkhorse/build/text_to_speecp_pkg/build --no-deps symlink_data
[1.899s] running develop
[2.020s] running egg_info
[2.020s] creating text_to_speecp_pkg.egg-info
[2.020s] writing text_to_speecp_pkg.egg-info/PKG-INFO
[2.032s] writing dependency_links to text_to_speecp_pkg.egg-info/dependency_links.txt
[2.032s] writing entry points to text_to_speecp_pkg.egg-info/entry_points.txt
[2.032s] writing requirements to text_to_speecp_pkg.egg-info/requires.txt
[2.032s] writing top-level names to text_to_speecp_pkg.egg-info/top_level.txt
[2.036s] writing manifest file 'text_to_speecp_pkg.egg-info/SOURCES.txt'
[2.037s] reading manifest file 'text_to_speecp_pkg.egg-info/SOURCES.txt'
[2.037s] writing manifest file 'text_to_speecp_pkg.egg-info/SOURCES.txt'
[2.038s] running build_ext
[2.038s] Creating /home/flynn/darkhorse/install/text_to_speecp_pkg/lib/python3.10/site-packages/text-to-speecp-pkg.egg-link (link to .)
[2.039s] 
[2.039s] Installed /home/flynn/darkhorse/build/text_to_speecp_pkg
[2.039s] running symlink_data
[2.039s] creating /home/flynn/darkhorse/install/text_to_speecp_pkg/share/ament_index
[2.039s] creating /home/flynn/darkhorse/install/text_to_speecp_pkg/share/ament_index/resource_index
[2.040s] creating /home/flynn/darkhorse/install/text_to_speecp_pkg/share/ament_index/resource_index/packages
[2.040s] symbolically linking /home/flynn/darkhorse/build/text_to_speecp_pkg/resource/text_to_speecp_pkg -> /home/flynn/darkhorse/install/text_to_speecp_pkg/share/ament_index/resource_index/packages
[2.040s] symbolically linking /home/flynn/darkhorse/build/text_to_speecp_pkg/package.xml -> /home/flynn/darkhorse/install/text_to_speecp_pkg/share/text_to_speecp_pkg
[2.082s] Invoked command in '/home/flynn/darkhorse/build/text_to_speecp_pkg' returned '0': PYTHONPATH=/home/flynn/darkhorse/build/text_to_speecp_pkg/prefix_override:/usr/lib/python3/dist-packages/colcon_core/task/python/colcon_distutils_commands:/home/flynn/darkhorse/install/text_to_speecp_pkg/lib/python3.10/site-packages:${PYTHONPATH} /usr/bin/python3 -W ignore:setup.py install is deprecated -W ignore:easy_install command is deprecated setup.py develop --editable --build-directory /home/flynn/darkhorse/build/text_to_speecp_pkg/build --no-deps symlink_data
