[1.691s] Invoking command in '/home/flynn/darkhorse/build/qr_scanner': PYTHONPATH=/home/flynn/darkhorse/build/qr_scanner/prefix_override:/usr/lib/python3/dist-packages/colcon_core/task/python/colcon_distutils_commands:/home/flynn/darkhorse/install/qr_scanner/lib/python3.10/site-packages:${PYTHONPATH} /usr/bin/python3 -W ignore:setup.py install is deprecated -W ignore:easy_install command is deprecated setup.py develop --editable --build-directory /home/flynn/darkhorse/build/qr_scanner/build --no-deps symlink_data
[1.901s] running develop
[2.023s] running egg_info
[2.023s] creating qr_scanner.egg-info
[2.023s] writing qr_scanner.egg-info/PKG-INFO
[2.034s] writing dependency_links to qr_scanner.egg-info/dependency_links.txt
[2.036s] writing entry points to qr_scanner.egg-info/entry_points.txt
[2.036s] writing requirements to qr_scanner.egg-info/requires.txt
[2.036s] writing top-level names to qr_scanner.egg-info/top_level.txt
[2.036s] writing manifest file 'qr_scanner.egg-info/SOURCES.txt'
[2.038s] reading manifest file 'qr_scanner.egg-info/SOURCES.txt'
[2.038s] writing manifest file 'qr_scanner.egg-info/SOURCES.txt'
[2.040s] running build_ext
[2.041s] Creating /home/flynn/darkhorse/install/qr_scanner/lib/python3.10/site-packages/qr-scanner.egg-link (link to .)
[2.042s] Installing qr_scanner_node script to /home/flynn/darkhorse/install/qr_scanner/lib/qr_scanner
[2.044s] 
[2.044s] Installed /home/flynn/darkhorse/build/qr_scanner
[2.044s] running symlink_data
[2.045s] creating /home/flynn/darkhorse/install/qr_scanner/share/ament_index
[2.045s] creating /home/flynn/darkhorse/install/qr_scanner/share/ament_index/resource_index
[2.045s] creating /home/flynn/darkhorse/install/qr_scanner/share/ament_index/resource_index/packages
[2.045s] symbolically linking /home/flynn/darkhorse/build/qr_scanner/resource/qr_scanner -> /home/flynn/darkhorse/install/qr_scanner/share/ament_index/resource_index/packages
[2.045s] symbolically linking /home/flynn/darkhorse/build/qr_scanner/package.xml -> /home/flynn/darkhorse/install/qr_scanner/share/qr_scanner
[2.094s] Invoked command in '/home/flynn/darkhorse/build/qr_scanner' returned '0': PYTHONPATH=/home/flynn/darkhorse/build/qr_scanner/prefix_override:/usr/lib/python3/dist-packages/colcon_core/task/python/colcon_distutils_commands:/home/flynn/darkhorse/install/qr_scanner/lib/python3.10/site-packages:${PYTHONPATH} /usr/bin/python3 -W ignore:setup.py install is deprecated -W ignore:easy_install command is deprecated setup.py develop --editable --build-directory /home/flynn/darkhorse/build/qr_scanner/build --no-deps symlink_data
